ARM GAS  /tmp/ccpaxUFC.s 			page 1


   1              		.cpu cortex-m4
   2              		.eabi_attribute 27, 1
   3              		.eabi_attribute 28, 1
   4              		.eabi_attribute 20, 1
   5              		.eabi_attribute 21, 1
   6              		.eabi_attribute 23, 3
   7              		.eabi_attribute 24, 1
   8              		.eabi_attribute 25, 1
   9              		.eabi_attribute 26, 1
  10              		.eabi_attribute 30, 1
  11              		.eabi_attribute 34, 1
  12              		.eabi_attribute 18, 4
  13              		.file	"main.c"
  14              		.text
  15              	.Ltext0:
  16              		.cfi_sections	.debug_frame
  17              		.section	.text.XBeeSetRxBuffer,"ax",%progbits
  18              		.align	1
  19              		.global	XBeeSetRxBuffer
  20              		.arch armv7e-m
  21              		.syntax unified
  22              		.thumb
  23              		.thumb_func
  24              		.fpu fpv4-sp-d16
  26              	XBeeSetRxBuffer:
  27              	.LVL0:
  28              	.LFB133:
  29              		.file 1 "Core/Src/XBee.c"
   1:Core/Src/XBee.c **** #include "stdint.h"
   2:Core/Src/XBee.c **** #include "stdbool.h"
   3:Core/Src/XBee.c **** #include "stdlib.h"
   4:Core/Src/XBee.c **** #include "stm32f4xx.h"
   5:Core/Src/XBee.c **** #include <stdio.h>
   6:Core/Src/XBee.c **** 
   7:Core/Src/XBee.c **** #define XBeeDataDelim 0x7e
   8:Core/Src/XBee.c **** #define XBeeDataEscape 0x7d
   9:Core/Src/XBee.c **** #define Zigbee_Transmit_Request 0x10
  10:Core/Src/XBee.c **** #define Explicit_Addressing_Zigbee_Command_Frame 0x11
  11:Core/Src/XBee.c **** #define Remote_Command_Request 0x17
  12:Core/Src/XBee.c **** #define Create_Source_Route 0x21
  13:Core/Src/XBee.c **** #define AT_Command_Response 0x88
  14:Core/Src/XBee.c **** #define Modem_Status 0x8A
  15:Core/Src/XBee.c **** #define Zigbee_Transmit_Status 0x8B
  16:Core/Src/XBee.c **** #define Zigbee_Receive_Packet 0x90
  17:Core/Src/XBee.c **** #define Zigbee_Explicit_Rx_Indicator 0x91
  18:Core/Src/XBee.c **** #define Zigbee_IO_Data_Sample_Rx_Indicator 0x92
  19:Core/Src/XBee.c **** #define XBee_Sensor_Read_Indicator 0x94
  20:Core/Src/XBee.c **** #define Node_Identification_Indicator 0x95
  21:Core/Src/XBee.c **** #define Remote_Command_Response 0x97
  22:Core/Src/XBee.c **** #define Extended_Modem_Status 0x98
  23:Core/Src/XBee.c **** 
  24:Core/Src/XBee.c **** #define Packet_Misaligned 0x11
  25:Core/Src/XBee.c **** #define Packet_Error 0x12
  26:Core/Src/XBee.c **** #define Packet_Checksum_Error 0x12
  27:Core/Src/XBee.c **** #define Packet_Success 0x00
  28:Core/Src/XBee.c **** 
  29:Core/Src/XBee.c **** #define Payload_Size 0x08
ARM GAS  /tmp/ccpaxUFC.s 			page 2


  30:Core/Src/XBee.c **** 
  31:Core/Src/XBee.c **** typedef struct XBeeRecData
  32:Core/Src/XBee.c **** {
  33:Core/Src/XBee.c ****     uint8_t delim;
  34:Core/Src/XBee.c ****     uint8_t msblength;
  35:Core/Src/XBee.c ****     uint8_t lsblength;
  36:Core/Src/XBee.c ****     uint8_t frameID;
  37:Core/Src/XBee.c ****     uint32_t receiveraddressUP;
  38:Core/Src/XBee.c ****     uint32_t receiveraddressLW;
  39:Core/Src/XBee.c ****     uint16_t srcaddress;
  40:Core/Src/XBee.c ****     uint8_t recoption;
  41:Core/Src/XBee.c ****     uint8_t payload[8];
  42:Core/Src/XBee.c ****     uint8_t checksum;
  43:Core/Src/XBee.c **** } XBeeReceivePacket;
  44:Core/Src/XBee.c **** 
  45:Core/Src/XBee.c **** typedef struct XBeeTranData
  46:Core/Src/XBee.c **** {
  47:Core/Src/XBee.c ****     uint8_t delim;
  48:Core/Src/XBee.c ****     uint8_t msblength;
  49:Core/Src/XBee.c ****     uint8_t lsblength;
  50:Core/Src/XBee.c ****     uint8_t frametype;
  51:Core/Src/XBee.c ****     uint8_t frameid;
  52:Core/Src/XBee.c ****     uint32_t receiveraddressUP;
  53:Core/Src/XBee.c ****     uint32_t receiveraddressLW;
  54:Core/Src/XBee.c ****     uint16_t networkdestaddress;
  55:Core/Src/XBee.c ****     uint8_t srcendpoint;
  56:Core/Src/XBee.c ****     uint8_t destendpoint;
  57:Core/Src/XBee.c ****     uint16_t cid;
  58:Core/Src/XBee.c ****     uint16_t pfid;
  59:Core/Src/XBee.c **** 
  60:Core/Src/XBee.c **** } XBeeTransmitPacket;
  61:Core/Src/XBee.c **** 
  62:Core/Src/XBee.c **** typedef struct XBee
  63:Core/Src/XBee.c **** {
  64:Core/Src/XBee.c ****     UART_HandleTypeDef *huart;
  65:Core/Src/XBee.c ****     XBeeReceivePacket *rpac;
  66:Core/Src/XBee.c ****     uint8_t *rxbuffer;
  67:Core/Src/XBee.c **** } XBeeUartHandle;
  68:Core/Src/XBee.c **** 
  69:Core/Src/XBee.c **** void XBeeSetRxBuffer(XBeeUartHandle *hndl, uint8_t *buffer)
  70:Core/Src/XBee.c **** {
  30              		.loc 1 70 1 view -0
  31              		.cfi_startproc
  32              		@ args = 0, pretend = 0, frame = 0
  33              		@ frame_needed = 0, uses_anonymous_args = 0
  34              		@ link register save eliminated.
  71:Core/Src/XBee.c ****     hndl->rxbuffer = buffer;
  35              		.loc 1 71 5 view .LVU1
  36              		.loc 1 71 20 is_stmt 0 view .LVU2
  37 0000 8160     		str	r1, [r0, #8]
  72:Core/Src/XBee.c **** }
  38              		.loc 1 72 1 view .LVU3
  39 0002 7047     		bx	lr
  40              		.cfi_endproc
  41              	.LFE133:
  43              		.section	.rodata.XBeeDecodePacket.str1.4,"aMS",%progbits,1
  44              		.align	2
ARM GAS  /tmp/ccpaxUFC.s 			page 3


  45              	.LC0:
  46 0000 64617461 		.ascii	"data[%d]=%x & rxbuffer[%d]=%x\012\000"
  46      5B25645D 
  46      3D257820 
  46      26207278 
  46      62756666 
  47              		.section	.text.XBeeDecodePacket,"ax",%progbits
  48              		.align	1
  49              		.global	XBeeDecodePacket
  50              		.syntax unified
  51              		.thumb
  52              		.thumb_func
  53              		.fpu fpv4-sp-d16
  55              	XBeeDecodePacket:
  56              	.LVL1:
  57              	.LFB134:
  73:Core/Src/XBee.c **** 
  74:Core/Src/XBee.c **** uint8_t XBeeDecodePacket(XBeeUartHandle *hndl)
  75:Core/Src/XBee.c **** {
  58              		.loc 1 75 1 is_stmt 1 view -0
  59              		.cfi_startproc
  60              		@ args = 0, pretend = 0, frame = 24
  61              		@ frame_needed = 0, uses_anonymous_args = 0
  62              		.loc 1 75 1 is_stmt 0 view .LVU5
  63 0000 2DE9F047 		push	{r4, r5, r6, r7, r8, r9, r10, lr}
  64              	.LCFI0:
  65              		.cfi_def_cfa_offset 32
  66              		.cfi_offset 4, -32
  67              		.cfi_offset 5, -28
  68              		.cfi_offset 6, -24
  69              		.cfi_offset 7, -20
  70              		.cfi_offset 8, -16
  71              		.cfi_offset 9, -12
  72              		.cfi_offset 10, -8
  73              		.cfi_offset 14, -4
  74 0004 88B0     		sub	sp, sp, #32
  75              	.LCFI1:
  76              		.cfi_def_cfa_offset 64
  77 0006 0646     		mov	r6, r0
  76:Core/Src/XBee.c ****     //printf("XBeeReceivePacked address: %p\n", hndl->rpac);
  77:Core/Src/XBee.c ****     uint16_t checksum = 0x0000;
  78              		.loc 1 77 5 is_stmt 1 view .LVU6
  79              	.LVL2:
  78:Core/Src/XBee.c ****     uint8_t data[24] = {0};
  80              		.loc 1 78 5 view .LVU7
  81              		.loc 1 78 13 is_stmt 0 view .LVU8
  82 0008 0027     		movs	r7, #0
  83 000a 0297     		str	r7, [sp, #8]
  84 000c 0397     		str	r7, [sp, #12]
  85 000e 0497     		str	r7, [sp, #16]
  86 0010 0597     		str	r7, [sp, #20]
  87 0012 0697     		str	r7, [sp, #24]
  88 0014 0797     		str	r7, [sp, #28]
  79:Core/Src/XBee.c ****     bool _escape = false;
  89              		.loc 1 79 5 is_stmt 1 view .LVU9
  90              	.LVL3:
  80:Core/Src/XBee.c ****     int i, j;
ARM GAS  /tmp/ccpaxUFC.s 			page 4


  91              		.loc 1 80 5 view .LVU10
  81:Core/Src/XBee.c ****     for (i = 0, j = 0; j < 4; ++i)
  92              		.loc 1 81 5 view .LVU11
  93              		.loc 1 81 19 is_stmt 0 view .LVU12
  94 0016 3C46     		mov	r4, r7
  95              		.loc 1 81 12 view .LVU13
  96 0018 3D46     		mov	r5, r7
  79:Core/Src/XBee.c ****     bool _escape = false;
  97              		.loc 1 79 10 view .LVU14
  98 001a B846     		mov	r8, r7
  99              		.loc 1 81 5 view .LVU15
 100 001c 0AE0     		b	.L3
 101              	.LVL4:
 102              	.L6:
  82:Core/Src/XBee.c ****     {
  83:Core/Src/XBee.c ****         //printf("Data in buffer: %x\n", hndl->rxbuffer[i]);
  84:Core/Src/XBee.c ****         if (i > 0 && hndl->rxbuffer[i] == XBeeDataEscape)
  85:Core/Src/XBee.c ****         {
  86:Core/Src/XBee.c ****             _escape = true;
  87:Core/Src/XBee.c ****             continue;
  88:Core/Src/XBee.c ****         }
  89:Core/Src/XBee.c ****         if (_escape)
  90:Core/Src/XBee.c ****         {
  91:Core/Src/XBee.c ****             data[j] = hndl->rxbuffer[i] ^ 0x20;
  92:Core/Src/XBee.c ****             //printf("escaped\n");
  93:Core/Src/XBee.c ****             _escape = false;
  94:Core/Src/XBee.c ****         }
  95:Core/Src/XBee.c ****         else
  96:Core/Src/XBee.c ****             data[j] = hndl->rxbuffer[i];
 103              		.loc 1 96 13 is_stmt 1 view .LVU16
 104              		.loc 1 96 27 is_stmt 0 view .LVU17
 105 001e B368     		ldr	r3, [r6, #8]
 106              		.loc 1 96 37 view .LVU18
 107 0020 5A5D     		ldrb	r2, [r3, r5]	@ zero_extendqisi2
 108              		.loc 1 96 21 view .LVU19
 109 0022 04F12003 		add	r3, r4, #32
 110 0026 6B44     		add	r3, sp, r3
 111 0028 03F8182C 		strb	r2, [r3, #-24]
 112              	.LVL5:
 113              	.L7:
  97:Core/Src/XBee.c ****         if (j == 3)
 114              		.loc 1 97 9 is_stmt 1 view .LVU20
 115              		.loc 1 97 12 is_stmt 0 view .LVU21
 116 002c 032C     		cmp	r4, #3
 117 002e 18D0     		beq	.L33
 118              	.L8:
  98:Core/Src/XBee.c ****             checksum += data[j];
  99:Core/Src/XBee.c ****         ++j;
 119              		.loc 1 99 9 is_stmt 1 view .LVU22
 120 0030 0134     		adds	r4, r4, #1
 121              	.LVL6:
 122              	.L5:
  81:Core/Src/XBee.c ****     {
 123              		.loc 1 81 31 discriminator 2 view .LVU23
 124 0032 0135     		adds	r5, r5, #1
 125              	.LVL7:
 126              	.L3:
ARM GAS  /tmp/ccpaxUFC.s 			page 5


  81:Core/Src/XBee.c ****     {
 127              		.loc 1 81 24 discriminator 1 view .LVU24
  81:Core/Src/XBee.c ****     {
 128              		.loc 1 81 5 is_stmt 0 discriminator 1 view .LVU25
 129 0034 032C     		cmp	r4, #3
 130 0036 1FDC     		bgt	.L34
  84:Core/Src/XBee.c ****         {
 131              		.loc 1 84 9 is_stmt 1 view .LVU26
  84:Core/Src/XBee.c ****         {
 132              		.loc 1 84 12 is_stmt 0 view .LVU27
 133 0038 002D     		cmp	r5, #0
 134 003a 03DD     		ble	.L4
  84:Core/Src/XBee.c ****         {
 135              		.loc 1 84 26 discriminator 1 view .LVU28
 136 003c B368     		ldr	r3, [r6, #8]
  84:Core/Src/XBee.c ****         {
 137              		.loc 1 84 36 discriminator 1 view .LVU29
 138 003e 5B5D     		ldrb	r3, [r3, r5]	@ zero_extendqisi2
  84:Core/Src/XBee.c ****         {
 139              		.loc 1 84 19 discriminator 1 view .LVU30
 140 0040 7D2B     		cmp	r3, #125
 141 0042 16D0     		beq	.L26
 142              	.L4:
  89:Core/Src/XBee.c ****         {
 143              		.loc 1 89 9 is_stmt 1 view .LVU31
  89:Core/Src/XBee.c ****         {
 144              		.loc 1 89 12 is_stmt 0 view .LVU32
 145 0044 B8F1000F 		cmp	r8, #0
 146 0048 E9D0     		beq	.L6
  91:Core/Src/XBee.c ****             //printf("escaped\n");
 147              		.loc 1 91 13 is_stmt 1 view .LVU33
  91:Core/Src/XBee.c ****             //printf("escaped\n");
 148              		.loc 1 91 27 is_stmt 0 view .LVU34
 149 004a B368     		ldr	r3, [r6, #8]
  91:Core/Src/XBee.c ****             //printf("escaped\n");
 150              		.loc 1 91 37 view .LVU35
 151 004c 5A5D     		ldrb	r2, [r3, r5]	@ zero_extendqisi2
  91:Core/Src/XBee.c ****             //printf("escaped\n");
 152              		.loc 1 91 21 view .LVU36
 153 004e 82F02002 		eor	r2, r2, #32
 154 0052 04F12003 		add	r3, r4, #32
 155 0056 6B44     		add	r3, sp, r3
 156 0058 03F8182C 		strb	r2, [r3, #-24]
  93:Core/Src/XBee.c ****         }
 157              		.loc 1 93 13 is_stmt 1 view .LVU37
 158              	.LVL8:
  93:Core/Src/XBee.c ****         }
 159              		.loc 1 93 21 is_stmt 0 view .LVU38
 160 005c 4FF00008 		mov	r8, #0
 161 0060 E4E7     		b	.L7
 162              	.LVL9:
 163              	.L33:
  98:Core/Src/XBee.c ****         ++j;
 164              		.loc 1 98 13 is_stmt 1 view .LVU39
  98:Core/Src/XBee.c ****         ++j;
 165              		.loc 1 98 29 is_stmt 0 view .LVU40
 166 0062 04F12003 		add	r3, r4, #32
ARM GAS  /tmp/ccpaxUFC.s 			page 6


 167 0066 6B44     		add	r3, sp, r3
 168 0068 13F8183C 		ldrb	r3, [r3, #-24]	@ zero_extendqisi2
  98:Core/Src/XBee.c ****         ++j;
 169              		.loc 1 98 22 view .LVU41
 170 006c 1F44     		add	r7, r7, r3
 171              	.LVL10:
  98:Core/Src/XBee.c ****         ++j;
 172              		.loc 1 98 22 view .LVU42
 173 006e BFB2     		uxth	r7, r7
 174              	.LVL11:
  98:Core/Src/XBee.c ****         ++j;
 175              		.loc 1 98 22 view .LVU43
 176 0070 DEE7     		b	.L8
 177              	.L26:
  86:Core/Src/XBee.c ****             continue;
 178              		.loc 1 86 21 view .LVU44
 179 0072 4FF00108 		mov	r8, #1
 180              	.LVL12:
  86:Core/Src/XBee.c ****             continue;
 181              		.loc 1 86 21 view .LVU45
 182 0076 DCE7     		b	.L5
 183              	.LVL13:
 184              	.L34:
 100:Core/Src/XBee.c ****         //printf("First pass, Data: %x\n", data[j]);
 101:Core/Src/XBee.c ****     }
 102:Core/Src/XBee.c ****     uint16_t length;
 185              		.loc 1 102 5 is_stmt 1 view .LVU46
 103:Core/Src/XBee.c ****     hndl->rpac->delim = data[0];
 186              		.loc 1 103 5 view .LVU47
 187              		.loc 1 103 9 is_stmt 0 view .LVU48
 188 0078 7368     		ldr	r3, [r6, #4]
 189              		.loc 1 103 29 view .LVU49
 190 007a 9DF80820 		ldrb	r2, [sp, #8]	@ zero_extendqisi2
 191              		.loc 1 103 23 view .LVU50
 192 007e 1A70     		strb	r2, [r3]
 104:Core/Src/XBee.c ****     hndl->rpac->lsblength = data[1];
 193              		.loc 1 104 5 is_stmt 1 view .LVU51
 194              		.loc 1 104 9 is_stmt 0 view .LVU52
 195 0080 7368     		ldr	r3, [r6, #4]
 196              		.loc 1 104 33 view .LVU53
 197 0082 9DF80920 		ldrb	r2, [sp, #9]	@ zero_extendqisi2
 198              		.loc 1 104 27 view .LVU54
 199 0086 9A70     		strb	r2, [r3, #2]
 105:Core/Src/XBee.c ****     hndl->rpac->msblength = data[2];
 200              		.loc 1 105 5 is_stmt 1 view .LVU55
 201              		.loc 1 105 9 is_stmt 0 view .LVU56
 202 0088 7168     		ldr	r1, [r6, #4]
 203              		.loc 1 105 33 view .LVU57
 204 008a 9DF80A30 		ldrb	r3, [sp, #10]	@ zero_extendqisi2
 205              		.loc 1 105 27 view .LVU58
 206 008e 4B70     		strb	r3, [r1, #1]
 106:Core/Src/XBee.c ****     hndl->rpac->frameID = data[3];
 207              		.loc 1 106 5 is_stmt 1 view .LVU59
 208              		.loc 1 106 9 is_stmt 0 view .LVU60
 209 0090 7168     		ldr	r1, [r6, #4]
 210              		.loc 1 106 31 view .LVU61
 211 0092 9DF80B00 		ldrb	r0, [sp, #11]	@ zero_extendqisi2
ARM GAS  /tmp/ccpaxUFC.s 			page 7


 212              	.LVL14:
 213              		.loc 1 106 25 view .LVU62
 214 0096 C870     		strb	r0, [r1, #3]
 107:Core/Src/XBee.c ****     //printf("hndl rpac frameID: %x\n", hndl->rpac->frameID);
 108:Core/Src/XBee.c ****     //printf("lsblen: %x\n", hndl->rpac->lsblength);
 109:Core/Src/XBee.c ****     //printf("msblen: %x\n", hndl->rpac->msblength);
 110:Core/Src/XBee.c ****     //printf("delim: %x\n", hndl->rpac->delim);
 111:Core/Src/XBee.c ****     switch (hndl->rpac->frameID)
 215              		.loc 1 111 5 is_stmt 1 view .LVU63
 216              		.loc 1 111 17 is_stmt 0 view .LVU64
 217 0098 7168     		ldr	r1, [r6, #4]
 218              		.loc 1 111 23 view .LVU65
 219 009a C878     		ldrb	r0, [r1, #3]	@ zero_extendqisi2
 220              		.loc 1 111 5 view .LVU66
 221 009c 8A28     		cmp	r0, #138
 222 009e 7ED0     		beq	.L10
 223 00a0 9028     		cmp	r0, #144
 224 00a2 40F0B280 		bne	.L27
 112:Core/Src/XBee.c ****     {
 113:Core/Src/XBee.c ****     case Zigbee_Receive_Packet:
 114:Core/Src/XBee.c ****         length = (data[1] << 8 | data[2]) + 4;
 225              		.loc 1 114 9 is_stmt 1 view .LVU67
 226              		.loc 1 114 32 is_stmt 0 view .LVU68
 227 00a6 43EA0229 		orr	r9, r3, r2, lsl #8
 228              		.loc 1 114 16 view .LVU69
 229 00aa 09F10409 		add	r9, r9, #4
 230 00ae 1FFA89F9 		uxth	r9, r9
 231              	.LVL15:
 115:Core/Src/XBee.c ****         for (; j < length; ++i)
 232              		.loc 1 115 9 is_stmt 1 view .LVU70
 233 00b2 16E0     		b	.L12
 234              	.L14:
 116:Core/Src/XBee.c ****         {
 117:Core/Src/XBee.c ****             //printf("Receive packet: hndl->rxbuff[%d]: %x\n", j, hndl->rxbuffer[j]);
 118:Core/Src/XBee.c ****             if (hndl->rxbuffer[i] == XBeeDataEscape)
 119:Core/Src/XBee.c ****             {
 120:Core/Src/XBee.c ****                 _escape = true;
 121:Core/Src/XBee.c ****                 //printf("Escaping...\n");
 122:Core/Src/XBee.c ****                 continue;
 123:Core/Src/XBee.c ****             }
 124:Core/Src/XBee.c ****             if (_escape)
 125:Core/Src/XBee.c ****             {
 126:Core/Src/XBee.c ****                 data[j] = hndl->rxbuffer[i] ^ 0x20;
 127:Core/Src/XBee.c ****                 _escape = false;
 128:Core/Src/XBee.c ****             }
 129:Core/Src/XBee.c ****             else
 130:Core/Src/XBee.c ****                 data[j] = hndl->rxbuffer[i];
 235              		.loc 1 130 17 view .LVU71
 236              		.loc 1 130 25 is_stmt 0 view .LVU72
 237 00b4 04F12002 		add	r2, r4, #32
 238 00b8 6A44     		add	r2, sp, r2
 239 00ba 02F8183C 		strb	r3, [r2, #-24]
 240              	.LVL16:
 241              	.L15:
 131:Core/Src/XBee.c ****                 printf("data[%d]=%x & rxbuffer[%d]=%x\n",j,data[j],i,hndl->rxbuffer[i]);
 242              		.loc 1 131 17 is_stmt 1 view .LVU73
 243              		.loc 1 131 64 is_stmt 0 view .LVU74
ARM GAS  /tmp/ccpaxUFC.s 			page 8


 244 00be 04F12002 		add	r2, r4, #32
 245 00c2 6A44     		add	r2, sp, r2
 246 00c4 12F818AC 		ldrb	r10, [r2, #-24]	@ zero_extendqisi2
 247              		.loc 1 131 17 view .LVU75
 248 00c8 0093     		str	r3, [sp]
 249 00ca 2B46     		mov	r3, r5
 250 00cc 5246     		mov	r2, r10
 251 00ce 2146     		mov	r1, r4
 252 00d0 5248     		ldr	r0, .L37
 253 00d2 FFF7FEFF 		bl	printf
 254              	.LVL17:
 132:Core/Src/XBee.c ****             if (j != 23)
 255              		.loc 1 132 13 is_stmt 1 view .LVU76
 256              		.loc 1 132 16 is_stmt 0 view .LVU77
 257 00d6 172C     		cmp	r4, #23
 258 00d8 01D0     		beq	.L16
 133:Core/Src/XBee.c ****                 checksum += data[j];
 259              		.loc 1 133 17 is_stmt 1 view .LVU78
 260              		.loc 1 133 26 is_stmt 0 view .LVU79
 261 00da 5744     		add	r7, r7, r10
 262              	.LVL18:
 263              		.loc 1 133 26 view .LVU80
 264 00dc BFB2     		uxth	r7, r7
 265              	.LVL19:
 266              	.L16:
 134:Core/Src/XBee.c ****             ++j;
 267              		.loc 1 134 13 is_stmt 1 view .LVU81
 268 00de 0134     		adds	r4, r4, #1
 269              	.LVL20:
 270              	.L13:
 115:Core/Src/XBee.c ****         {
 271              		.loc 1 115 28 view .LVU82
 272 00e0 0135     		adds	r5, r5, #1
 273              	.LVL21:
 274              	.L12:
 115:Core/Src/XBee.c ****         {
 275              		.loc 1 115 16 discriminator 1 view .LVU83
 115:Core/Src/XBee.c ****         {
 276              		.loc 1 115 9 is_stmt 0 discriminator 1 view .LVU84
 277 00e2 A145     		cmp	r9, r4
 278 00e4 13DD     		ble	.L35
 118:Core/Src/XBee.c ****             {
 279              		.loc 1 118 13 is_stmt 1 view .LVU85
 118:Core/Src/XBee.c ****             {
 280              		.loc 1 118 21 is_stmt 0 view .LVU86
 281 00e6 B368     		ldr	r3, [r6, #8]
 118:Core/Src/XBee.c ****             {
 282              		.loc 1 118 31 view .LVU87
 283 00e8 5B5D     		ldrb	r3, [r3, r5]	@ zero_extendqisi2
 118:Core/Src/XBee.c ****             {
 284              		.loc 1 118 16 view .LVU88
 285 00ea 7D2B     		cmp	r3, #125
 286 00ec 0CD0     		beq	.L28
 124:Core/Src/XBee.c ****             {
 287              		.loc 1 124 13 is_stmt 1 view .LVU89
 124:Core/Src/XBee.c ****             {
 288              		.loc 1 124 16 is_stmt 0 view .LVU90
ARM GAS  /tmp/ccpaxUFC.s 			page 9


 289 00ee B8F1000F 		cmp	r8, #0
 290 00f2 DFD0     		beq	.L14
 126:Core/Src/XBee.c ****                 _escape = false;
 291              		.loc 1 126 17 is_stmt 1 view .LVU91
 126:Core/Src/XBee.c ****                 _escape = false;
 292              		.loc 1 126 25 is_stmt 0 view .LVU92
 293 00f4 83F02001 		eor	r1, r3, #32
 294 00f8 04F12002 		add	r2, r4, #32
 295 00fc 6A44     		add	r2, sp, r2
 296 00fe 02F8181C 		strb	r1, [r2, #-24]
 127:Core/Src/XBee.c ****             }
 297              		.loc 1 127 17 is_stmt 1 view .LVU93
 298              	.LVL22:
 127:Core/Src/XBee.c ****             }
 299              		.loc 1 127 25 is_stmt 0 view .LVU94
 300 0102 4FF00008 		mov	r8, #0
 301 0106 DAE7     		b	.L15
 302              	.LVL23:
 303              	.L28:
 120:Core/Src/XBee.c ****                 //printf("Escaping...\n");
 304              		.loc 1 120 25 view .LVU95
 305 0108 4FF00108 		mov	r8, #1
 306              	.LVL24:
 120:Core/Src/XBee.c ****                 //printf("Escaping...\n");
 307              		.loc 1 120 25 view .LVU96
 308 010c E8E7     		b	.L13
 309              	.LVL25:
 310              	.L35:
 135:Core/Src/XBee.c ****         }
 136:Core/Src/XBee.c ****         checksum = 0xFF - (0x00FF & checksum);
 311              		.loc 1 136 9 is_stmt 1 view .LVU97
 312              		.loc 1 136 25 is_stmt 0 view .LVU98
 313 010e FF43     		mvns	r7, r7
 314              	.LVL26:
 315              		.loc 1 136 25 view .LVU99
 316 0110 B8B2     		uxth	r0, r7
 317              		.loc 1 136 18 view .LVU100
 318 0112 FFB2     		uxtb	r7, r7
 319              	.LVL27:
 137:Core/Src/XBee.c ****         if (checksum != data[length-1])
 320              		.loc 1 137 9 is_stmt 1 view .LVU101
 321              		.loc 1 137 29 is_stmt 0 view .LVU102
 322 0114 09F11F03 		add	r3, r9, #31
 323 0118 0DEB0309 		add	r9, sp, r3
 324              	.LVL28:
 325              		.loc 1 137 29 view .LVU103
 326 011c 19F8183C 		ldrb	r3, [r9, #-24]	@ zero_extendqisi2
 327              	.LVL29:
 328              		.loc 1 137 12 view .LVU104
 329 0120 BB42     		cmp	r3, r7
 330 0122 76D1     		bne	.L29
 138:Core/Src/XBee.c ****             return Packet_Checksum_Error;
 139:Core/Src/XBee.c ****         hndl->rpac->receiveraddressUP = (data[4] << 24) | (data[5] << 16) | (data[6] << 8) | data[7
 331              		.loc 1 139 9 is_stmt 1 view .LVU105
 332              		.loc 1 139 46 is_stmt 0 view .LVU106
 333 0124 9DF80C20 		ldrb	r2, [sp, #12]	@ zero_extendqisi2
 334              		.loc 1 139 64 view .LVU107
ARM GAS  /tmp/ccpaxUFC.s 			page 10


 335 0128 9DF80D30 		ldrb	r3, [sp, #13]	@ zero_extendqisi2
 336              		.loc 1 139 68 view .LVU108
 337 012c 1B04     		lsls	r3, r3, #16
 338              		.loc 1 139 57 view .LVU109
 339 012e 43EA0263 		orr	r3, r3, r2, lsl #24
 340              		.loc 1 139 82 view .LVU110
 341 0132 9DF80E20 		ldrb	r2, [sp, #14]	@ zero_extendqisi2
 342              		.loc 1 139 75 view .LVU111
 343 0136 43EA0223 		orr	r3, r3, r2, lsl #8
 344              		.loc 1 139 98 view .LVU112
 345 013a 9DF80F10 		ldrb	r1, [sp, #15]	@ zero_extendqisi2
 346              		.loc 1 139 13 view .LVU113
 347 013e 7268     		ldr	r2, [r6, #4]
 348              		.loc 1 139 92 view .LVU114
 349 0140 0B43     		orrs	r3, r3, r1
 350              		.loc 1 139 39 view .LVU115
 351 0142 5360     		str	r3, [r2, #4]
 140:Core/Src/XBee.c ****         hndl->rpac->receiveraddressLW = (data[8] << 24) | (data[9] << 16) | (data[10] << 8) | data[
 352              		.loc 1 140 9 is_stmt 1 view .LVU116
 353              		.loc 1 140 46 is_stmt 0 view .LVU117
 354 0144 9DF81020 		ldrb	r2, [sp, #16]	@ zero_extendqisi2
 355              		.loc 1 140 64 view .LVU118
 356 0148 9DF81130 		ldrb	r3, [sp, #17]	@ zero_extendqisi2
 357              		.loc 1 140 68 view .LVU119
 358 014c 1B04     		lsls	r3, r3, #16
 359              		.loc 1 140 57 view .LVU120
 360 014e 43EA0263 		orr	r3, r3, r2, lsl #24
 361              		.loc 1 140 82 view .LVU121
 362 0152 9DF81220 		ldrb	r2, [sp, #18]	@ zero_extendqisi2
 363              		.loc 1 140 75 view .LVU122
 364 0156 43EA0223 		orr	r3, r3, r2, lsl #8
 365              		.loc 1 140 99 view .LVU123
 366 015a 9DF81310 		ldrb	r1, [sp, #19]	@ zero_extendqisi2
 367              		.loc 1 140 13 view .LVU124
 368 015e 7268     		ldr	r2, [r6, #4]
 369              		.loc 1 140 93 view .LVU125
 370 0160 0B43     		orrs	r3, r3, r1
 371              		.loc 1 140 39 view .LVU126
 372 0162 9360     		str	r3, [r2, #8]
 141:Core/Src/XBee.c ****         hndl->rpac->srcaddress = (data[12] << 8) | data[13];
 373              		.loc 1 141 9 is_stmt 1 view .LVU127
 374              		.loc 1 141 39 is_stmt 0 view .LVU128
 375 0164 9DF81410 		ldrb	r1, [sp, #20]	@ zero_extendqisi2
 376              		.loc 1 141 56 view .LVU129
 377 0168 9DF81530 		ldrb	r3, [sp, #21]	@ zero_extendqisi2
 378              		.loc 1 141 13 view .LVU130
 379 016c 7268     		ldr	r2, [r6, #4]
 380              		.loc 1 141 50 view .LVU131
 381 016e 43EA0123 		orr	r3, r3, r1, lsl #8
 382              		.loc 1 141 32 view .LVU132
 383 0172 9381     		strh	r3, [r2, #12]	@ movhi
 142:Core/Src/XBee.c ****         hndl->rpac->recoption = data[14];
 384              		.loc 1 142 9 is_stmt 1 view .LVU133
 385              		.loc 1 142 13 is_stmt 0 view .LVU134
 386 0174 7368     		ldr	r3, [r6, #4]
 387              		.loc 1 142 37 view .LVU135
 388 0176 9DF81620 		ldrb	r2, [sp, #22]	@ zero_extendqisi2
ARM GAS  /tmp/ccpaxUFC.s 			page 11


 389              		.loc 1 142 31 view .LVU136
 390 017a 9A73     		strb	r2, [r3, #14]
 143:Core/Src/XBee.c ****         for (j = 0; j < Payload_Size; ++j)
 391              		.loc 1 143 9 is_stmt 1 view .LVU137
 392              	.LVL30:
 393              		.loc 1 143 16 is_stmt 0 view .LVU138
 394 017c 0023     		movs	r3, #0
 395              		.loc 1 143 9 view .LVU139
 396 017e 08E0     		b	.L18
 397              	.LVL31:
 398              	.L19:
 144:Core/Src/XBee.c ****         {
 145:Core/Src/XBee.c ****             hndl->rpac->payload[j] = data[15 + j];
 399              		.loc 1 145 13 is_stmt 1 discriminator 3 view .LVU140
 400              		.loc 1 145 17 is_stmt 0 discriminator 3 view .LVU141
 401 0180 7268     		ldr	r2, [r6, #4]
 402              		.loc 1 145 42 discriminator 3 view .LVU142
 403 0182 03F12F01 		add	r1, r3, #47
 404 0186 6944     		add	r1, sp, r1
 405 0188 11F8181C 		ldrb	r1, [r1, #-24]	@ zero_extendqisi2
 406              		.loc 1 145 36 discriminator 3 view .LVU143
 407 018c 1A44     		add	r2, r2, r3
 408 018e D173     		strb	r1, [r2, #15]
 143:Core/Src/XBee.c ****         for (j = 0; j < Payload_Size; ++j)
 409              		.loc 1 143 39 is_stmt 1 discriminator 3 view .LVU144
 410 0190 0133     		adds	r3, r3, #1
 411              	.LVL32:
 412              	.L18:
 143:Core/Src/XBee.c ****         for (j = 0; j < Payload_Size; ++j)
 413              		.loc 1 143 21 discriminator 1 view .LVU145
 143:Core/Src/XBee.c ****         for (j = 0; j < Payload_Size; ++j)
 414              		.loc 1 143 9 is_stmt 0 discriminator 1 view .LVU146
 415 0192 072B     		cmp	r3, #7
 416 0194 F4DD     		ble	.L19
 146:Core/Src/XBee.c ****             // printf("payload address: %p, payload[%d]=%x, data[%d]=%x\n",(int)(void*)(hndl->rpac-
 147:Core/Src/XBee.c ****         }
 148:Core/Src/XBee.c ****         hndl->rpac->checksum = checksum;
 417              		.loc 1 148 9 is_stmt 1 view .LVU147
 418              		.loc 1 148 13 is_stmt 0 view .LVU148
 419 0196 7368     		ldr	r3, [r6, #4]
 420              	.LVL33:
 421              		.loc 1 148 30 view .LVU149
 422 0198 D875     		strb	r0, [r3, #23]
 149:Core/Src/XBee.c ****         return Packet_Success;
 423              		.loc 1 149 9 is_stmt 1 view .LVU150
 424              		.loc 1 149 16 is_stmt 0 view .LVU151
 425 019a 0020     		movs	r0, #0
 426 019c 36E0     		b	.L11
 427              	.LVL34:
 428              	.L10:
 150:Core/Src/XBee.c ****         break;
 429              		.loc 1 150 9 is_stmt 1 view .LVU152
 151:Core/Src/XBee.c **** 
 152:Core/Src/XBee.c ****     case Modem_Status:
 153:Core/Src/XBee.c ****         length = (data[1] << 8 | data[2]) + 4;
 430              		.loc 1 153 9 view .LVU153
 431              		.loc 1 153 32 is_stmt 0 view .LVU154
ARM GAS  /tmp/ccpaxUFC.s 			page 12


 432 019e 43EA0222 		orr	r2, r3, r2, lsl #8
 433              		.loc 1 153 16 view .LVU155
 434 01a2 0432     		adds	r2, r2, #4
 435 01a4 92B2     		uxth	r2, r2
 436              	.LVL35:
 154:Core/Src/XBee.c ****         //printf("  Modem status, length: %d\n", length);
 155:Core/Src/XBee.c ****         for (; j < length; ++i)
 437              		.loc 1 155 9 is_stmt 1 view .LVU156
 438 01a6 0FE0     		b	.L20
 439              	.L22:
 156:Core/Src/XBee.c ****         {
 157:Core/Src/XBee.c ****             if (hndl->rxbuffer[i] == XBeeDataEscape)
 158:Core/Src/XBee.c ****             {
 159:Core/Src/XBee.c ****                 _escape = true;
 160:Core/Src/XBee.c ****                 continue;
 161:Core/Src/XBee.c ****             }
 162:Core/Src/XBee.c ****             //printf("  Receive modem status: hndl->rxbuff[%d]: %x\n", j, hndl->rxbuffer[j]);
 163:Core/Src/XBee.c ****             if (_escape)
 164:Core/Src/XBee.c ****             {
 165:Core/Src/XBee.c ****                 data[j] = hndl->rxbuffer[i] ^ 0x20;
 166:Core/Src/XBee.c ****                 _escape = false;
 167:Core/Src/XBee.c ****             }
 168:Core/Src/XBee.c ****             else
 169:Core/Src/XBee.c ****                 data[j] = hndl->rxbuffer[i];
 440              		.loc 1 169 17 view .LVU157
 441              		.loc 1 169 25 is_stmt 0 view .LVU158
 442 01a8 04F12000 		add	r0, r4, #32
 443 01ac 6844     		add	r0, sp, r0
 444 01ae 00F8183C 		strb	r3, [r0, #-24]
 445              	.LVL36:
 446              	.L23:
 170:Core/Src/XBee.c ****             if (j != 5)
 447              		.loc 1 170 13 is_stmt 1 view .LVU159
 448              		.loc 1 170 16 is_stmt 0 view .LVU160
 449 01b2 052C     		cmp	r4, #5
 450 01b4 06D0     		beq	.L24
 171:Core/Src/XBee.c ****                 checksum += data[j];
 451              		.loc 1 171 17 is_stmt 1 view .LVU161
 452              		.loc 1 171 33 is_stmt 0 view .LVU162
 453 01b6 04F12003 		add	r3, r4, #32
 454 01ba 6B44     		add	r3, sp, r3
 455 01bc 13F8183C 		ldrb	r3, [r3, #-24]	@ zero_extendqisi2
 456              		.loc 1 171 26 view .LVU163
 457 01c0 1F44     		add	r7, r7, r3
 458              	.LVL37:
 459              		.loc 1 171 26 view .LVU164
 460 01c2 BFB2     		uxth	r7, r7
 461              	.LVL38:
 462              	.L24:
 172:Core/Src/XBee.c ****             ++j;
 463              		.loc 1 172 13 is_stmt 1 view .LVU165
 464 01c4 0134     		adds	r4, r4, #1
 465              	.LVL39:
 466              	.L21:
 155:Core/Src/XBee.c ****         {
 467              		.loc 1 155 28 view .LVU166
 468 01c6 0135     		adds	r5, r5, #1
ARM GAS  /tmp/ccpaxUFC.s 			page 13


 469              	.LVL40:
 470              	.L20:
 155:Core/Src/XBee.c ****         {
 471              		.loc 1 155 16 discriminator 1 view .LVU167
 155:Core/Src/XBee.c ****         {
 472              		.loc 1 155 9 is_stmt 0 discriminator 1 view .LVU168
 473 01c8 A242     		cmp	r2, r4
 474 01ca 13DD     		ble	.L36
 157:Core/Src/XBee.c ****             {
 475              		.loc 1 157 13 is_stmt 1 view .LVU169
 157:Core/Src/XBee.c ****             {
 476              		.loc 1 157 21 is_stmt 0 view .LVU170
 477 01cc B368     		ldr	r3, [r6, #8]
 157:Core/Src/XBee.c ****             {
 478              		.loc 1 157 31 view .LVU171
 479 01ce 5B5D     		ldrb	r3, [r3, r5]	@ zero_extendqisi2
 157:Core/Src/XBee.c ****             {
 480              		.loc 1 157 16 view .LVU172
 481 01d0 7D2B     		cmp	r3, #125
 482 01d2 0CD0     		beq	.L30
 163:Core/Src/XBee.c ****             {
 483              		.loc 1 163 13 is_stmt 1 view .LVU173
 163:Core/Src/XBee.c ****             {
 484              		.loc 1 163 16 is_stmt 0 view .LVU174
 485 01d4 B8F1000F 		cmp	r8, #0
 486 01d8 E6D0     		beq	.L22
 165:Core/Src/XBee.c ****                 _escape = false;
 487              		.loc 1 165 17 is_stmt 1 view .LVU175
 165:Core/Src/XBee.c ****                 _escape = false;
 488              		.loc 1 165 25 is_stmt 0 view .LVU176
 489 01da 83F02003 		eor	r3, r3, #32
 490 01de 04F12000 		add	r0, r4, #32
 491 01e2 6844     		add	r0, sp, r0
 492 01e4 00F8183C 		strb	r3, [r0, #-24]
 166:Core/Src/XBee.c ****             }
 493              		.loc 1 166 17 is_stmt 1 view .LVU177
 494              	.LVL41:
 166:Core/Src/XBee.c ****             }
 495              		.loc 1 166 25 is_stmt 0 view .LVU178
 496 01e8 4FF00008 		mov	r8, #0
 497 01ec E1E7     		b	.L23
 498              	.LVL42:
 499              	.L30:
 159:Core/Src/XBee.c ****                 continue;
 500              		.loc 1 159 25 view .LVU179
 501 01ee 4FF00108 		mov	r8, #1
 502              	.LVL43:
 159:Core/Src/XBee.c ****                 continue;
 503              		.loc 1 159 25 view .LVU180
 504 01f2 E8E7     		b	.L21
 505              	.LVL44:
 506              	.L36:
 173:Core/Src/XBee.c ****         }
 174:Core/Src/XBee.c ****         checksum = 0xFF - (0x00FF & checksum);
 507              		.loc 1 174 9 is_stmt 1 view .LVU181
 508              		.loc 1 174 25 is_stmt 0 view .LVU182
 509 01f4 FF43     		mvns	r7, r7
ARM GAS  /tmp/ccpaxUFC.s 			page 14


 510              	.LVL45:
 511              		.loc 1 174 18 view .LVU183
 512 01f6 FFB2     		uxtb	r7, r7
 513              	.LVL46:
 175:Core/Src/XBee.c ****         if (checksum != data[5])
 514              		.loc 1 175 9 is_stmt 1 view .LVU184
 515              		.loc 1 175 29 is_stmt 0 view .LVU185
 516 01f8 9DF80D30 		ldrb	r3, [sp, #13]	@ zero_extendqisi2
 517              		.loc 1 175 12 view .LVU186
 518 01fc BB42     		cmp	r3, r7
 519 01fe 0AD1     		bne	.L31
 176:Core/Src/XBee.c ****             return Packet_Checksum_Error;
 177:Core/Src/XBee.c ****         hndl->rpac->recoption = data[4];
 520              		.loc 1 177 9 is_stmt 1 view .LVU187
 521              		.loc 1 177 37 is_stmt 0 view .LVU188
 522 0200 9DF80C30 		ldrb	r3, [sp, #12]	@ zero_extendqisi2
 523              		.loc 1 177 31 view .LVU189
 524 0204 8B73     		strb	r3, [r1, #14]
 178:Core/Src/XBee.c ****         break;
 525              		.loc 1 178 9 is_stmt 1 view .LVU190
 526              	.LBB4:
 179:Core/Src/XBee.c **** 
 180:Core/Src/XBee.c ****     default:
 181:Core/Src/XBee.c ****         //printf("Default break..\n");
 182:Core/Src/XBee.c ****         break;
 183:Core/Src/XBee.c ****     }
 184:Core/Src/XBee.c ****     for (int i = 0; i < 24; i++)
 185:Core/Src/XBee.c ****             //printf("%d:%x\n",i,data[i]);
 186:Core/Src/XBee.c **** 
 187:Core/Src/XBee.c ****     return 1;
 527              		.loc 1 187 12 is_stmt 0 view .LVU191
 528 0206 0120     		movs	r0, #1
 529              	.LBE4:
 178:Core/Src/XBee.c ****         break;
 530              		.loc 1 178 9 view .LVU192
 531 0208 00E0     		b	.L11
 532              	.LVL47:
 533              	.L27:
 111:Core/Src/XBee.c ****     {
 534              		.loc 1 111 5 view .LVU193
 535 020a 0120     		movs	r0, #1
 536              	.LVL48:
 537              	.L11:
 188:Core/Src/XBee.c **** }
 538              		.loc 1 188 1 discriminator 1 view .LVU194
 539 020c 08B0     		add	sp, sp, #32
 540              	.LCFI2:
 541              		.cfi_remember_state
 542              		.cfi_def_cfa_offset 32
 543              		@ sp needed
 544 020e BDE8F087 		pop	{r4, r5, r6, r7, r8, r9, r10, pc}
 545              	.LVL49:
 546              	.L29:
 547              	.LCFI3:
 548              		.cfi_restore_state
 138:Core/Src/XBee.c ****         hndl->rpac->receiveraddressUP = (data[4] << 24) | (data[5] << 16) | (data[6] << 8) | data[7
 549              		.loc 1 138 20 view .LVU195
ARM GAS  /tmp/ccpaxUFC.s 			page 15


 550 0212 1220     		movs	r0, #18
 551 0214 FAE7     		b	.L11
 552              	.LVL50:
 553              	.L31:
 176:Core/Src/XBee.c ****         hndl->rpac->recoption = data[4];
 554              		.loc 1 176 20 view .LVU196
 555 0216 1220     		movs	r0, #18
 556 0218 F8E7     		b	.L11
 557              	.L38:
 558 021a 00BF     		.align	2
 559              	.L37:
 560 021c 00000000 		.word	.LC0
 561              		.cfi_endproc
 562              	.LFE134:
 564              		.section	.text.XBeeReadPacket,"ax",%progbits
 565              		.align	1
 566              		.global	XBeeReadPacket
 567              		.syntax unified
 568              		.thumb
 569              		.thumb_func
 570              		.fpu fpv4-sp-d16
 572              	XBeeReadPacket:
 573              	.LVL51:
 574              	.LFB135:
 189:Core/Src/XBee.c **** 
 190:Core/Src/XBee.c **** bool XBeeReadPacket(XBeeUartHandle *hndl)
 191:Core/Src/XBee.c **** {
 575              		.loc 1 191 1 is_stmt 1 view -0
 576              		.cfi_startproc
 577              		@ args = 0, pretend = 0, frame = 0
 578              		@ frame_needed = 0, uses_anonymous_args = 0
 579              		.loc 1 191 1 is_stmt 0 view .LVU198
 580 0000 38B5     		push	{r3, r4, r5, lr}
 581              	.LCFI4:
 582              		.cfi_def_cfa_offset 16
 583              		.cfi_offset 3, -16
 584              		.cfi_offset 4, -12
 585              		.cfi_offset 5, -8
 586              		.cfi_offset 14, -4
 587 0002 0546     		mov	r5, r0
 192:Core/Src/XBee.c ****     bool decoded = false;
 588              		.loc 1 192 5 is_stmt 1 view .LVU199
 589              	.LVL52:
 193:Core/Src/XBee.c ****     uint8_t test=XBeeDecodePacket(hndl);
 590              		.loc 1 193 5 view .LVU200
 591              		.loc 1 193 18 is_stmt 0 view .LVU201
 592 0004 FFF7FEFF 		bl	XBeeDecodePacket
 593              	.LVL53:
 594              		.loc 1 193 18 view .LVU202
 595 0008 0446     		mov	r4, r0
 596              	.LVL54:
 194:Core/Src/XBee.c ****     //printf("test=%d\n",test);
 195:Core/Src/XBee.c ****     HAL_UARTEx_ReceiveToIdle_DMA(&huart2,hndl->rxbuffer, 64);
 597              		.loc 1 195 5 is_stmt 1 view .LVU203
 598 000a 4022     		movs	r2, #64
 599 000c A968     		ldr	r1, [r5, #8]
 600 000e 0448     		ldr	r0, .L43
ARM GAS  /tmp/ccpaxUFC.s 			page 16


 601 0010 FFF7FEFF 		bl	HAL_UARTEx_ReceiveToIdle_DMA
 602              	.LVL55:
 196:Core/Src/XBee.c ****     if(!test)
 603              		.loc 1 196 5 view .LVU204
 604              		.loc 1 196 7 is_stmt 0 view .LVU205
 605 0014 0CB1     		cbz	r4, .L41
 197:Core/Src/XBee.c ****         return !decoded;
 198:Core/Src/XBee.c ****     return decoded;
 606              		.loc 1 198 12 view .LVU206
 607 0016 0020     		movs	r0, #0
 608              	.L40:
 199:Core/Src/XBee.c **** };...
 609              		.loc 1 199 1 view .LVU207
 610 0018 38BD     		pop	{r3, r4, r5, pc}
 611              	.LVL56:
 612              	.L41:
 197:Core/Src/XBee.c ****         return !decoded;
 613              		.loc 1 197 16 view .LVU208
 614 001a 0120     		movs	r0, #1
 615 001c FCE7     		b	.L40
 616              	.L44:
 617 001e 00BF     		.align	2
 618              	.L43:
 619 0020 00000000 		.word	huart2
 620              		.cfi_endproc
 621              	.LFE135:
 623              		.section	.text.HAL_UART_RxCpltCallback,"ax",%progbits
 624              		.align	1
 625              		.global	HAL_UART_RxCpltCallback
 626              		.syntax unified
 627              		.thumb
 628              		.thumb_func
 629              		.fpu fpv4-sp-d16
 631              	HAL_UART_RxCpltCallback:
 632              	.LVL57:
 633              	.LFB138:
 634              		.file 2 "Core/Src/main.c"
   1:Core/Src/main.c **** /* USER CODE BEGIN Header */
   2:Core/Src/main.c **** /**
   3:Core/Src/main.c ****   ******************************************************************************
   4:Core/Src/main.c ****   * @file           : main.c
   5:Core/Src/main.c ****   * @brief          : Main program body
   6:Core/Src/main.c ****   ******************************************************************************
   7:Core/Src/main.c ****   * @attention
   8:Core/Src/main.c ****   *
   9:Core/Src/main.c ****   * Copyright (c) 2023 STMicroelectronics.
  10:Core/Src/main.c ****   * All rights reserved.
  11:Core/Src/main.c ****   *
  12:Core/Src/main.c ****   * This software is licensed under terms that can be found in the LICENSE file
  13:Core/Src/main.c ****   * in the root directory of this software component.
  14:Core/Src/main.c ****   * If no LICENSE file comes with this software, it is provided AS-IS.
  15:Core/Src/main.c ****   *
  16:Core/Src/main.c ****   ******************************************************************************
  17:Core/Src/main.c ****   */
  18:Core/Src/main.c **** /* USER CODE END Header */
  19:Core/Src/main.c **** /* Includes ------------------------------------------------------------------*/
  20:Core/Src/main.c **** #include "main.h"
ARM GAS  /tmp/ccpaxUFC.s 			page 17


  21:Core/Src/main.c **** #include "dma.h"
  22:Core/Src/main.c **** #include "usart.h"
  23:Core/Src/main.c **** #include "gpio.h"
  24:Core/Src/main.c **** #include "stm32f407xx.h"
  25:Core/Src/main.c **** 
  26:Core/Src/main.c **** /* Private includes ----------------------------------------------------------*/
  27:Core/Src/main.c **** /* USER CODE BEGIN Includes */
  28:Core/Src/main.c **** #include "XBee.c"
  29:Core/Src/main.c **** #include<stdio.h>
  30:Core/Src/main.c **** #include<stdlib.h>
  31:Core/Src/main.c **** /* USER CODE END Includes */
  32:Core/Src/main.c **** 
  33:Core/Src/main.c **** /* Private typedef -----------------------------------------------------------*/
  34:Core/Src/main.c **** /* USER CODE BEGIN PTD */
  35:Core/Src/main.c **** 
  36:Core/Src/main.c **** /* USER CODE END PTD */
  37:Core/Src/main.c **** 
  38:Core/Src/main.c **** /* Private define ------------------------------------------------------------*/
  39:Core/Src/main.c **** /* USER CODE BEGIN PD */
  40:Core/Src/main.c **** /* USER CODE END PD */
  41:Core/Src/main.c **** 
  42:Core/Src/main.c **** /* Private macro -------------------------------------------------------------*/
  43:Core/Src/main.c **** /* USER CODE BEGIN PM */
  44:Core/Src/main.c **** 
  45:Core/Src/main.c **** /* USER CODE END PM */
  46:Core/Src/main.c **** 
  47:Core/Src/main.c **** /* Private variables ---------------------------------------------------------*/
  48:Core/Src/main.c **** 
  49:Core/Src/main.c **** /* USER CODE BEGIN PV */
  50:Core/Src/main.c **** XBeeUartHandle hxbee;
  51:Core/Src/main.c **** XBeeReceivePacket xbRcvPkt;
  52:Core/Src/main.c **** /* USER CODE END PV */
  53:Core/Src/main.c **** 
  54:Core/Src/main.c **** /* Private function prototypes -----------------------------------------------*/
  55:Core/Src/main.c **** void SystemClock_Config(void);
  56:Core/Src/main.c **** /* USER CODE BEGIN PFP */
  57:Core/Src/main.c **** 
  58:Core/Src/main.c **** /* USER CODE END PFP */
  59:Core/Src/main.c **** 
  60:Core/Src/main.c **** /* Private user code ---------------------------------------------------------*/
  61:Core/Src/main.c **** /* USER CODE BEGIN 0 */
  62:Core/Src/main.c **** static uint8_t btrxdata[64];
  63:Core/Src/main.c **** bool startread = false;
  64:Core/Src/main.c **** /* USER CODE END 0 */
  65:Core/Src/main.c **** 
  66:Core/Src/main.c **** /**
  67:Core/Src/main.c ****   * @brief  The application entry point.
  68:Core/Src/main.c ****   * @retval int
  69:Core/Src/main.c ****   */
  70:Core/Src/main.c **** int main(void)
  71:Core/Src/main.c **** {
  72:Core/Src/main.c ****   /* USER CODE BEGIN 1 */
  73:Core/Src/main.c **** 
  74:Core/Src/main.c ****   /* USER CODE END 1 */
  75:Core/Src/main.c **** 
  76:Core/Src/main.c ****   /* MCU Configuration--------------------------------------------------------*/
  77:Core/Src/main.c **** 
ARM GAS  /tmp/ccpaxUFC.s 			page 18


  78:Core/Src/main.c ****   /* Reset of all peripherals, Initializes the Flash interface and the Systick. */
  79:Core/Src/main.c ****   HAL_Init();
  80:Core/Src/main.c **** 
  81:Core/Src/main.c ****   /* USER CODE BEGIN Init */
  82:Core/Src/main.c **** 
  83:Core/Src/main.c ****   /* USER CODE END Init */
  84:Core/Src/main.c **** 
  85:Core/Src/main.c ****   /* Configure the system clock */
  86:Core/Src/main.c ****   SystemClock_Config();
  87:Core/Src/main.c **** 
  88:Core/Src/main.c ****   /* USER CODE BEGIN SysInit */
  89:Core/Src/main.c **** 
  90:Core/Src/main.c ****   /* USER CODE END SysInit */
  91:Core/Src/main.c **** 
  92:Core/Src/main.c ****   /* Initialize all configured peripherals */
  93:Core/Src/main.c ****   MX_GPIO_Init();
  94:Core/Src/main.c ****   MX_DMA_Init();
  95:Core/Src/main.c ****   MX_USART2_UART_Init();
  96:Core/Src/main.c ****   /* USER CODE BEGIN 2 */
  97:Core/Src/main.c ****   // HAL_UART_Receive_DMA(&huart2,btrxdata,24);
  98:Core/Src/main.c ****   hxbee.huart = &huart2;
  99:Core/Src/main.c ****   hxbee.rpac = &xbRcvPkt;
 100:Core/Src/main.c ****   XBeeSetRxBuffer(&hxbee,&btrxdata);
 101:Core/Src/main.c ****   printf("hello\n");
 102:Core/Src/main.c ****   /* USER CODE END 2 */
 103:Core/Src/main.c **** 
 104:Core/Src/main.c ****   /* Infinite loop */
 105:Core/Src/main.c ****   /* USER CODE BEGIN WHILE */
 106:Core/Src/main.c ****   while (1)
 107:Core/Src/main.c ****   { //printf("xbee\n");
 108:Core/Src/main.c ****     if(startread){
 109:Core/Src/main.c ****       if(XBeeReadPacket(&hxbee)){
 110:Core/Src/main.c ****         printf("payloadData:\n");
 111:Core/Src/main.c ****         for(int i = 0; i< 8; i++)printf("%x\t",hxbee.rpac->payload[i]);
 112:Core/Src/main.c ****         printf("\n");
 113:Core/Src/main.c ****       }else{
 114:Core/Src/main.c ****         // printf("cannot read\n");
 115:Core/Src/main.c ****       }
 116:Core/Src/main.c ****       startread= false;
 117:Core/Src/main.c ****     }
 118:Core/Src/main.c **** 
 119:Core/Src/main.c ****     /* USER CODE END WHILE */
 120:Core/Src/main.c **** 
 121:Core/Src/main.c ****     /* USER CODE BEGIN 3 */
 122:Core/Src/main.c ****     
 123:Core/Src/main.c ****   HAL_UART_Receive_DMA(&huart2,&btrxdata,24);
 124:Core/Src/main.c ****   // __HAL_DMA_DISABLE_IT(&hdma_usart, DMA_IT_HIT);
 125:Core/Src/main.c **** 
 126:Core/Src/main.c ****   }
 127:Core/Src/main.c ****   /* USER CODE END 3 */
 128:Core/Src/main.c **** }
 129:Core/Src/main.c **** 
 130:Core/Src/main.c **** /**
 131:Core/Src/main.c ****   * @brief System Clock Configuration
 132:Core/Src/main.c ****   * @retval None
 133:Core/Src/main.c ****   */
 134:Core/Src/main.c **** void SystemClock_Config(void)
ARM GAS  /tmp/ccpaxUFC.s 			page 19


 135:Core/Src/main.c **** {
 136:Core/Src/main.c ****   RCC_OscInitTypeDef RCC_OscInitStruct = {0};
 137:Core/Src/main.c ****   RCC_ClkInitTypeDef RCC_ClkInitStruct = {0};
 138:Core/Src/main.c **** 
 139:Core/Src/main.c ****   /** Configure the main internal regulator output voltage
 140:Core/Src/main.c ****   */
 141:Core/Src/main.c ****   __HAL_RCC_PWR_CLK_ENABLE();
 142:Core/Src/main.c ****   __HAL_PWR_VOLTAGESCALING_CONFIG(PWR_REGULATOR_VOLTAGE_SCALE1);
 143:Core/Src/main.c **** 
 144:Core/Src/main.c ****   /** Initializes the RCC Oscillators according to the specified parameters
 145:Core/Src/main.c ****   * in the RCC_OscInitTypeDef structure.
 146:Core/Src/main.c ****   */
 147:Core/Src/main.c ****   RCC_OscInitStruct.OscillatorType = RCC_OSCILLATORTYPE_HSI;
 148:Core/Src/main.c ****   RCC_OscInitStruct.HSIState = RCC_HSI_ON;
 149:Core/Src/main.c ****   RCC_OscInitStruct.HSICalibrationValue = RCC_HSICALIBRATION_DEFAULT;
 150:Core/Src/main.c ****   RCC_OscInitStruct.PLL.PLLState = RCC_PLL_ON;
 151:Core/Src/main.c ****   RCC_OscInitStruct.PLL.PLLSource = RCC_PLLSOURCE_HSI;
 152:Core/Src/main.c ****   RCC_OscInitStruct.PLL.PLLM = 8;
 153:Core/Src/main.c ****   RCC_OscInitStruct.PLL.PLLN = 168;
 154:Core/Src/main.c ****   RCC_OscInitStruct.PLL.PLLP = RCC_PLLP_DIV2;
 155:Core/Src/main.c ****   RCC_OscInitStruct.PLL.PLLQ = 7;
 156:Core/Src/main.c ****   if (HAL_RCC_OscConfig(&RCC_OscInitStruct) != HAL_OK)
 157:Core/Src/main.c ****   {
 158:Core/Src/main.c ****     Error_Handler();
 159:Core/Src/main.c ****   }
 160:Core/Src/main.c **** 
 161:Core/Src/main.c ****   /** Initializes the CPU, AHB and APB buses clocks
 162:Core/Src/main.c ****   */
 163:Core/Src/main.c ****   RCC_ClkInitStruct.ClockType = RCC_CLOCKTYPE_HCLK|RCC_CLOCKTYPE_SYSCLK
 164:Core/Src/main.c ****                               |RCC_CLOCKTYPE_PCLK1|RCC_CLOCKTYPE_PCLK2;
 165:Core/Src/main.c ****   RCC_ClkInitStruct.SYSCLKSource = RCC_SYSCLKSOURCE_PLLCLK;
 166:Core/Src/main.c ****   RCC_ClkInitStruct.AHBCLKDivider = RCC_SYSCLK_DIV1;
 167:Core/Src/main.c ****   RCC_ClkInitStruct.APB1CLKDivider = RCC_HCLK_DIV4;
 168:Core/Src/main.c ****   RCC_ClkInitStruct.APB2CLKDivider = RCC_HCLK_DIV2;
 169:Core/Src/main.c **** 
 170:Core/Src/main.c ****   if (HAL_RCC_ClockConfig(&RCC_ClkInitStruct, FLASH_LATENCY_5) != HAL_OK)
 171:Core/Src/main.c ****   {
 172:Core/Src/main.c ****     Error_Handler();
 173:Core/Src/main.c ****   }
 174:Core/Src/main.c **** }
 175:Core/Src/main.c **** 
 176:Core/Src/main.c **** /* USER CODE BEGIN 4 */
 177:Core/Src/main.c **** void HAL_UART_RxCpltCallback(UART_HandleTypeDef *huart){
 635              		.loc 2 177 56 is_stmt 1 view -0
 636              		.cfi_startproc
 637              		@ args = 0, pretend = 0, frame = 0
 638              		@ frame_needed = 0, uses_anonymous_args = 0
 639              		@ link register save eliminated.
 178:Core/Src/main.c ****   startread = true;
 640              		.loc 2 178 3 view .LVU210
 641              		.loc 2 178 13 is_stmt 0 view .LVU211
 642 0000 014B     		ldr	r3, .L46
 643 0002 0122     		movs	r2, #1
 644 0004 1A70     		strb	r2, [r3]
 179:Core/Src/main.c **** }
 645              		.loc 2 179 1 view .LVU212
 646 0006 7047     		bx	lr
ARM GAS  /tmp/ccpaxUFC.s 			page 20


 647              	.L47:
 648              		.align	2
 649              	.L46:
 650 0008 00000000 		.word	.LANCHOR0
 651              		.cfi_endproc
 652              	.LFE138:
 654              		.section	.text.Error_Handler,"ax",%progbits
 655              		.align	1
 656              		.global	Error_Handler
 657              		.syntax unified
 658              		.thumb
 659              		.thumb_func
 660              		.fpu fpv4-sp-d16
 662              	Error_Handler:
 663              	.LFB139:
 180:Core/Src/main.c **** /* USER CODE END 4 */
 181:Core/Src/main.c **** 
 182:Core/Src/main.c **** /**
 183:Core/Src/main.c ****   * @brief  This function is executed in case of error occurrence.
 184:Core/Src/main.c ****   * @retval None
 185:Core/Src/main.c ****   */
 186:Core/Src/main.c **** void Error_Handler(void)
 187:Core/Src/main.c **** {
 664              		.loc 2 187 1 is_stmt 1 view -0
 665              		.cfi_startproc
 666              		@ Volatile: function does not return.
 667              		@ args = 0, pretend = 0, frame = 0
 668              		@ frame_needed = 0, uses_anonymous_args = 0
 669              		@ link register save eliminated.
 188:Core/Src/main.c ****   /* USER CODE BEGIN Error_Handler_Debug */
 189:Core/Src/main.c ****   /* User can add his own implementation to report the HAL error return state */
 190:Core/Src/main.c ****   __disable_irq();
 670              		.loc 2 190 3 view .LVU214
 671              	.LBB5:
 672              	.LBI5:
 673              		.file 3 "Drivers/CMSIS/Include/cmsis_gcc.h"
   1:Drivers/CMSIS/Include/cmsis_gcc.h **** /**************************************************************************//**
   2:Drivers/CMSIS/Include/cmsis_gcc.h ****  * @file     cmsis_gcc.h
   3:Drivers/CMSIS/Include/cmsis_gcc.h ****  * @brief    CMSIS compiler GCC header file
   4:Drivers/CMSIS/Include/cmsis_gcc.h ****  * @version  V5.0.4
   5:Drivers/CMSIS/Include/cmsis_gcc.h ****  * @date     09. April 2018
   6:Drivers/CMSIS/Include/cmsis_gcc.h ****  ******************************************************************************/
   7:Drivers/CMSIS/Include/cmsis_gcc.h **** /*
   8:Drivers/CMSIS/Include/cmsis_gcc.h ****  * Copyright (c) 2009-2018 Arm Limited. All rights reserved.
   9:Drivers/CMSIS/Include/cmsis_gcc.h ****  *
  10:Drivers/CMSIS/Include/cmsis_gcc.h ****  * SPDX-License-Identifier: Apache-2.0
  11:Drivers/CMSIS/Include/cmsis_gcc.h ****  *
  12:Drivers/CMSIS/Include/cmsis_gcc.h ****  * Licensed under the Apache License, Version 2.0 (the License); you may
  13:Drivers/CMSIS/Include/cmsis_gcc.h ****  * not use this file except in compliance with the License.
  14:Drivers/CMSIS/Include/cmsis_gcc.h ****  * You may obtain a copy of the License at
  15:Drivers/CMSIS/Include/cmsis_gcc.h ****  *
  16:Drivers/CMSIS/Include/cmsis_gcc.h ****  * www.apache.org/licenses/LICENSE-2.0
  17:Drivers/CMSIS/Include/cmsis_gcc.h ****  *
  18:Drivers/CMSIS/Include/cmsis_gcc.h ****  * Unless required by applicable law or agreed to in writing, software
  19:Drivers/CMSIS/Include/cmsis_gcc.h ****  * distributed under the License is distributed on an AS IS BASIS, WITHOUT
  20:Drivers/CMSIS/Include/cmsis_gcc.h ****  * WARRANTIES OR CONDITIONS OF ANY KIND, either express or implied.
  21:Drivers/CMSIS/Include/cmsis_gcc.h ****  * See the License for the specific language governing permissions and
ARM GAS  /tmp/ccpaxUFC.s 			page 21


  22:Drivers/CMSIS/Include/cmsis_gcc.h ****  * limitations under the License.
  23:Drivers/CMSIS/Include/cmsis_gcc.h ****  */
  24:Drivers/CMSIS/Include/cmsis_gcc.h **** 
  25:Drivers/CMSIS/Include/cmsis_gcc.h **** #ifndef __CMSIS_GCC_H
  26:Drivers/CMSIS/Include/cmsis_gcc.h **** #define __CMSIS_GCC_H
  27:Drivers/CMSIS/Include/cmsis_gcc.h **** 
  28:Drivers/CMSIS/Include/cmsis_gcc.h **** /* ignore some GCC warnings */
  29:Drivers/CMSIS/Include/cmsis_gcc.h **** #pragma GCC diagnostic push
  30:Drivers/CMSIS/Include/cmsis_gcc.h **** #pragma GCC diagnostic ignored "-Wsign-conversion"
  31:Drivers/CMSIS/Include/cmsis_gcc.h **** #pragma GCC diagnostic ignored "-Wconversion"
  32:Drivers/CMSIS/Include/cmsis_gcc.h **** #pragma GCC diagnostic ignored "-Wunused-parameter"
  33:Drivers/CMSIS/Include/cmsis_gcc.h **** 
  34:Drivers/CMSIS/Include/cmsis_gcc.h **** /* Fallback for __has_builtin */
  35:Drivers/CMSIS/Include/cmsis_gcc.h **** #ifndef __has_builtin
  36:Drivers/CMSIS/Include/cmsis_gcc.h ****   #define __has_builtin(x) (0)
  37:Drivers/CMSIS/Include/cmsis_gcc.h **** #endif
  38:Drivers/CMSIS/Include/cmsis_gcc.h **** 
  39:Drivers/CMSIS/Include/cmsis_gcc.h **** /* CMSIS compiler specific defines */
  40:Drivers/CMSIS/Include/cmsis_gcc.h **** #ifndef   __ASM
  41:Drivers/CMSIS/Include/cmsis_gcc.h ****   #define __ASM                                  __asm
  42:Drivers/CMSIS/Include/cmsis_gcc.h **** #endif
  43:Drivers/CMSIS/Include/cmsis_gcc.h **** #ifndef   __INLINE
  44:Drivers/CMSIS/Include/cmsis_gcc.h ****   #define __INLINE                               inline
  45:Drivers/CMSIS/Include/cmsis_gcc.h **** #endif
  46:Drivers/CMSIS/Include/cmsis_gcc.h **** #ifndef   __STATIC_INLINE
  47:Drivers/CMSIS/Include/cmsis_gcc.h ****   #define __STATIC_INLINE                        static inline
  48:Drivers/CMSIS/Include/cmsis_gcc.h **** #endif
  49:Drivers/CMSIS/Include/cmsis_gcc.h **** #ifndef   __STATIC_FORCEINLINE                 
  50:Drivers/CMSIS/Include/cmsis_gcc.h ****   #define __STATIC_FORCEINLINE                   __attribute__((always_inline)) static inline
  51:Drivers/CMSIS/Include/cmsis_gcc.h **** #endif                                           
  52:Drivers/CMSIS/Include/cmsis_gcc.h **** #ifndef   __NO_RETURN
  53:Drivers/CMSIS/Include/cmsis_gcc.h ****   #define __NO_RETURN                            __attribute__((__noreturn__))
  54:Drivers/CMSIS/Include/cmsis_gcc.h **** #endif
  55:Drivers/CMSIS/Include/cmsis_gcc.h **** #ifndef   __USED
  56:Drivers/CMSIS/Include/cmsis_gcc.h ****   #define __USED                                 __attribute__((used))
  57:Drivers/CMSIS/Include/cmsis_gcc.h **** #endif
  58:Drivers/CMSIS/Include/cmsis_gcc.h **** #ifndef   __WEAK
  59:Drivers/CMSIS/Include/cmsis_gcc.h ****   #define __WEAK                                 __attribute__((weak))
  60:Drivers/CMSIS/Include/cmsis_gcc.h **** #endif
  61:Drivers/CMSIS/Include/cmsis_gcc.h **** #ifndef   __PACKED
  62:Drivers/CMSIS/Include/cmsis_gcc.h ****   #define __PACKED                               __attribute__((packed, aligned(1)))
  63:Drivers/CMSIS/Include/cmsis_gcc.h **** #endif
  64:Drivers/CMSIS/Include/cmsis_gcc.h **** #ifndef   __PACKED_STRUCT
  65:Drivers/CMSIS/Include/cmsis_gcc.h ****   #define __PACKED_STRUCT                        struct __attribute__((packed, aligned(1)))
  66:Drivers/CMSIS/Include/cmsis_gcc.h **** #endif
  67:Drivers/CMSIS/Include/cmsis_gcc.h **** #ifndef   __PACKED_UNION
  68:Drivers/CMSIS/Include/cmsis_gcc.h ****   #define __PACKED_UNION                         union __attribute__((packed, aligned(1)))
  69:Drivers/CMSIS/Include/cmsis_gcc.h **** #endif
  70:Drivers/CMSIS/Include/cmsis_gcc.h **** #ifndef   __UNALIGNED_UINT32        /* deprecated */
  71:Drivers/CMSIS/Include/cmsis_gcc.h ****   #pragma GCC diagnostic push
  72:Drivers/CMSIS/Include/cmsis_gcc.h ****   #pragma GCC diagnostic ignored "-Wpacked"
  73:Drivers/CMSIS/Include/cmsis_gcc.h ****   #pragma GCC diagnostic ignored "-Wattributes"
  74:Drivers/CMSIS/Include/cmsis_gcc.h ****   struct __attribute__((packed)) T_UINT32 { uint32_t v; };
  75:Drivers/CMSIS/Include/cmsis_gcc.h ****   #pragma GCC diagnostic pop
  76:Drivers/CMSIS/Include/cmsis_gcc.h ****   #define __UNALIGNED_UINT32(x)                  (((struct T_UINT32 *)(x))->v)
  77:Drivers/CMSIS/Include/cmsis_gcc.h **** #endif
  78:Drivers/CMSIS/Include/cmsis_gcc.h **** #ifndef   __UNALIGNED_UINT16_WRITE
ARM GAS  /tmp/ccpaxUFC.s 			page 22


  79:Drivers/CMSIS/Include/cmsis_gcc.h ****   #pragma GCC diagnostic push
  80:Drivers/CMSIS/Include/cmsis_gcc.h ****   #pragma GCC diagnostic ignored "-Wpacked"
  81:Drivers/CMSIS/Include/cmsis_gcc.h ****   #pragma GCC diagnostic ignored "-Wattributes"
  82:Drivers/CMSIS/Include/cmsis_gcc.h ****   __PACKED_STRUCT T_UINT16_WRITE { uint16_t v; };
  83:Drivers/CMSIS/Include/cmsis_gcc.h ****   #pragma GCC diagnostic pop
  84:Drivers/CMSIS/Include/cmsis_gcc.h ****   #define __UNALIGNED_UINT16_WRITE(addr, val)    (void)((((struct T_UINT16_WRITE *)(void *)(addr))-
  85:Drivers/CMSIS/Include/cmsis_gcc.h **** #endif
  86:Drivers/CMSIS/Include/cmsis_gcc.h **** #ifndef   __UNALIGNED_UINT16_READ
  87:Drivers/CMSIS/Include/cmsis_gcc.h ****   #pragma GCC diagnostic push
  88:Drivers/CMSIS/Include/cmsis_gcc.h ****   #pragma GCC diagnostic ignored "-Wpacked"
  89:Drivers/CMSIS/Include/cmsis_gcc.h ****   #pragma GCC diagnostic ignored "-Wattributes"
  90:Drivers/CMSIS/Include/cmsis_gcc.h ****   __PACKED_STRUCT T_UINT16_READ { uint16_t v; };
  91:Drivers/CMSIS/Include/cmsis_gcc.h ****   #pragma GCC diagnostic pop
  92:Drivers/CMSIS/Include/cmsis_gcc.h ****   #define __UNALIGNED_UINT16_READ(addr)          (((const struct T_UINT16_READ *)(const void *)(add
  93:Drivers/CMSIS/Include/cmsis_gcc.h **** #endif
  94:Drivers/CMSIS/Include/cmsis_gcc.h **** #ifndef   __UNALIGNED_UINT32_WRITE
  95:Drivers/CMSIS/Include/cmsis_gcc.h ****   #pragma GCC diagnostic push
  96:Drivers/CMSIS/Include/cmsis_gcc.h ****   #pragma GCC diagnostic ignored "-Wpacked"
  97:Drivers/CMSIS/Include/cmsis_gcc.h ****   #pragma GCC diagnostic ignored "-Wattributes"
  98:Drivers/CMSIS/Include/cmsis_gcc.h ****   __PACKED_STRUCT T_UINT32_WRITE { uint32_t v; };
  99:Drivers/CMSIS/Include/cmsis_gcc.h ****   #pragma GCC diagnostic pop
 100:Drivers/CMSIS/Include/cmsis_gcc.h ****   #define __UNALIGNED_UINT32_WRITE(addr, val)    (void)((((struct T_UINT32_WRITE *)(void *)(addr))-
 101:Drivers/CMSIS/Include/cmsis_gcc.h **** #endif
 102:Drivers/CMSIS/Include/cmsis_gcc.h **** #ifndef   __UNALIGNED_UINT32_READ
 103:Drivers/CMSIS/Include/cmsis_gcc.h ****   #pragma GCC diagnostic push
 104:Drivers/CMSIS/Include/cmsis_gcc.h ****   #pragma GCC diagnostic ignored "-Wpacked"
 105:Drivers/CMSIS/Include/cmsis_gcc.h ****   #pragma GCC diagnostic ignored "-Wattributes"
 106:Drivers/CMSIS/Include/cmsis_gcc.h ****   __PACKED_STRUCT T_UINT32_READ { uint32_t v; };
 107:Drivers/CMSIS/Include/cmsis_gcc.h ****   #pragma GCC diagnostic pop
 108:Drivers/CMSIS/Include/cmsis_gcc.h ****   #define __UNALIGNED_UINT32_READ(addr)          (((const struct T_UINT32_READ *)(const void *)(add
 109:Drivers/CMSIS/Include/cmsis_gcc.h **** #endif
 110:Drivers/CMSIS/Include/cmsis_gcc.h **** #ifndef   __ALIGNED
 111:Drivers/CMSIS/Include/cmsis_gcc.h ****   #define __ALIGNED(x)                           __attribute__((aligned(x)))
 112:Drivers/CMSIS/Include/cmsis_gcc.h **** #endif
 113:Drivers/CMSIS/Include/cmsis_gcc.h **** #ifndef   __RESTRICT
 114:Drivers/CMSIS/Include/cmsis_gcc.h ****   #define __RESTRICT                             __restrict
 115:Drivers/CMSIS/Include/cmsis_gcc.h **** #endif
 116:Drivers/CMSIS/Include/cmsis_gcc.h **** 
 117:Drivers/CMSIS/Include/cmsis_gcc.h **** 
 118:Drivers/CMSIS/Include/cmsis_gcc.h **** /* ###########################  Core Function Access  ########################### */
 119:Drivers/CMSIS/Include/cmsis_gcc.h **** /** \ingroup  CMSIS_Core_FunctionInterface
 120:Drivers/CMSIS/Include/cmsis_gcc.h ****     \defgroup CMSIS_Core_RegAccFunctions CMSIS Core Register Access Functions
 121:Drivers/CMSIS/Include/cmsis_gcc.h ****   @{
 122:Drivers/CMSIS/Include/cmsis_gcc.h ****  */
 123:Drivers/CMSIS/Include/cmsis_gcc.h **** 
 124:Drivers/CMSIS/Include/cmsis_gcc.h **** /**
 125:Drivers/CMSIS/Include/cmsis_gcc.h ****   \brief   Enable IRQ Interrupts
 126:Drivers/CMSIS/Include/cmsis_gcc.h ****   \details Enables IRQ interrupts by clearing the I-bit in the CPSR.
 127:Drivers/CMSIS/Include/cmsis_gcc.h ****            Can only be executed in Privileged modes.
 128:Drivers/CMSIS/Include/cmsis_gcc.h ****  */
 129:Drivers/CMSIS/Include/cmsis_gcc.h **** __STATIC_FORCEINLINE void __enable_irq(void)
 130:Drivers/CMSIS/Include/cmsis_gcc.h **** {
 131:Drivers/CMSIS/Include/cmsis_gcc.h ****   __ASM volatile ("cpsie i" : : : "memory");
 132:Drivers/CMSIS/Include/cmsis_gcc.h **** }
 133:Drivers/CMSIS/Include/cmsis_gcc.h **** 
 134:Drivers/CMSIS/Include/cmsis_gcc.h **** 
 135:Drivers/CMSIS/Include/cmsis_gcc.h **** /**
ARM GAS  /tmp/ccpaxUFC.s 			page 23


 136:Drivers/CMSIS/Include/cmsis_gcc.h ****   \brief   Disable IRQ Interrupts
 137:Drivers/CMSIS/Include/cmsis_gcc.h ****   \details Disables IRQ interrupts by setting the I-bit in the CPSR.
 138:Drivers/CMSIS/Include/cmsis_gcc.h ****            Can only be executed in Privileged modes.
 139:Drivers/CMSIS/Include/cmsis_gcc.h ****  */
 140:Drivers/CMSIS/Include/cmsis_gcc.h **** __STATIC_FORCEINLINE void __disable_irq(void)
 674              		.loc 3 140 27 view .LVU215
 675              	.LBB6:
 141:Drivers/CMSIS/Include/cmsis_gcc.h **** {
 142:Drivers/CMSIS/Include/cmsis_gcc.h ****   __ASM volatile ("cpsid i" : : : "memory");
 676              		.loc 3 142 3 view .LVU216
 677              		.syntax unified
 678              	@ 142 "Drivers/CMSIS/Include/cmsis_gcc.h" 1
 679 0000 72B6     		cpsid i
 680              	@ 0 "" 2
 681              		.thumb
 682              		.syntax unified
 683              	.L49:
 684              	.LBE6:
 685              	.LBE5:
 191:Core/Src/main.c ****   while (1)
 686              		.loc 2 191 3 discriminator 1 view .LVU217
 192:Core/Src/main.c ****   {
 193:Core/Src/main.c ****   }
 687              		.loc 2 193 3 discriminator 1 view .LVU218
 191:Core/Src/main.c ****   while (1)
 688              		.loc 2 191 9 discriminator 1 view .LVU219
 689 0002 FEE7     		b	.L49
 690              		.cfi_endproc
 691              	.LFE139:
 693              		.section	.text.SystemClock_Config,"ax",%progbits
 694              		.align	1
 695              		.global	SystemClock_Config
 696              		.syntax unified
 697              		.thumb
 698              		.thumb_func
 699              		.fpu fpv4-sp-d16
 701              	SystemClock_Config:
 702              	.LFB137:
 135:Core/Src/main.c ****   RCC_OscInitTypeDef RCC_OscInitStruct = {0};
 703              		.loc 2 135 1 view -0
 704              		.cfi_startproc
 705              		@ args = 0, pretend = 0, frame = 80
 706              		@ frame_needed = 0, uses_anonymous_args = 0
 707 0000 00B5     		push	{lr}
 708              	.LCFI5:
 709              		.cfi_def_cfa_offset 4
 710              		.cfi_offset 14, -4
 711 0002 95B0     		sub	sp, sp, #84
 712              	.LCFI6:
 713              		.cfi_def_cfa_offset 88
 136:Core/Src/main.c ****   RCC_ClkInitTypeDef RCC_ClkInitStruct = {0};
 714              		.loc 2 136 3 view .LVU221
 136:Core/Src/main.c ****   RCC_ClkInitTypeDef RCC_ClkInitStruct = {0};
 715              		.loc 2 136 22 is_stmt 0 view .LVU222
 716 0004 3022     		movs	r2, #48
 717 0006 0021     		movs	r1, #0
 718 0008 08A8     		add	r0, sp, #32
ARM GAS  /tmp/ccpaxUFC.s 			page 24


 719 000a FFF7FEFF 		bl	memset
 720              	.LVL58:
 137:Core/Src/main.c **** 
 721              		.loc 2 137 3 is_stmt 1 view .LVU223
 137:Core/Src/main.c **** 
 722              		.loc 2 137 22 is_stmt 0 view .LVU224
 723 000e 0023     		movs	r3, #0
 724 0010 0393     		str	r3, [sp, #12]
 725 0012 0493     		str	r3, [sp, #16]
 726 0014 0593     		str	r3, [sp, #20]
 727 0016 0693     		str	r3, [sp, #24]
 728 0018 0793     		str	r3, [sp, #28]
 141:Core/Src/main.c ****   __HAL_PWR_VOLTAGESCALING_CONFIG(PWR_REGULATOR_VOLTAGE_SCALE1);
 729              		.loc 2 141 3 is_stmt 1 view .LVU225
 730              	.LBB7:
 141:Core/Src/main.c ****   __HAL_PWR_VOLTAGESCALING_CONFIG(PWR_REGULATOR_VOLTAGE_SCALE1);
 731              		.loc 2 141 3 view .LVU226
 732 001a 0193     		str	r3, [sp, #4]
 141:Core/Src/main.c ****   __HAL_PWR_VOLTAGESCALING_CONFIG(PWR_REGULATOR_VOLTAGE_SCALE1);
 733              		.loc 2 141 3 view .LVU227
 734 001c 1F4A     		ldr	r2, .L56
 735 001e 116C     		ldr	r1, [r2, #64]
 736 0020 41F08051 		orr	r1, r1, #268435456
 737 0024 1164     		str	r1, [r2, #64]
 141:Core/Src/main.c ****   __HAL_PWR_VOLTAGESCALING_CONFIG(PWR_REGULATOR_VOLTAGE_SCALE1);
 738              		.loc 2 141 3 view .LVU228
 739 0026 126C     		ldr	r2, [r2, #64]
 740 0028 02F08052 		and	r2, r2, #268435456
 741 002c 0192     		str	r2, [sp, #4]
 141:Core/Src/main.c ****   __HAL_PWR_VOLTAGESCALING_CONFIG(PWR_REGULATOR_VOLTAGE_SCALE1);
 742              		.loc 2 141 3 view .LVU229
 743 002e 019A     		ldr	r2, [sp, #4]
 744              	.LBE7:
 141:Core/Src/main.c ****   __HAL_PWR_VOLTAGESCALING_CONFIG(PWR_REGULATOR_VOLTAGE_SCALE1);
 745              		.loc 2 141 3 view .LVU230
 142:Core/Src/main.c **** 
 746              		.loc 2 142 3 view .LVU231
 747              	.LBB8:
 142:Core/Src/main.c **** 
 748              		.loc 2 142 3 view .LVU232
 749 0030 0293     		str	r3, [sp, #8]
 142:Core/Src/main.c **** 
 750              		.loc 2 142 3 view .LVU233
 751 0032 1B4A     		ldr	r2, .L56+4
 752 0034 1168     		ldr	r1, [r2]
 753 0036 41F48041 		orr	r1, r1, #16384
 754 003a 1160     		str	r1, [r2]
 142:Core/Src/main.c **** 
 755              		.loc 2 142 3 view .LVU234
 756 003c 1268     		ldr	r2, [r2]
 757 003e 02F48042 		and	r2, r2, #16384
 758 0042 0292     		str	r2, [sp, #8]
 142:Core/Src/main.c **** 
 759              		.loc 2 142 3 view .LVU235
 760 0044 029A     		ldr	r2, [sp, #8]
 761              	.LBE8:
 142:Core/Src/main.c **** 
ARM GAS  /tmp/ccpaxUFC.s 			page 25


 762              		.loc 2 142 3 view .LVU236
 147:Core/Src/main.c ****   RCC_OscInitStruct.HSIState = RCC_HSI_ON;
 763              		.loc 2 147 3 view .LVU237
 147:Core/Src/main.c ****   RCC_OscInitStruct.HSIState = RCC_HSI_ON;
 764              		.loc 2 147 36 is_stmt 0 view .LVU238
 765 0046 0222     		movs	r2, #2
 766 0048 0892     		str	r2, [sp, #32]
 148:Core/Src/main.c ****   RCC_OscInitStruct.HSICalibrationValue = RCC_HSICALIBRATION_DEFAULT;
 767              		.loc 2 148 3 is_stmt 1 view .LVU239
 148:Core/Src/main.c ****   RCC_OscInitStruct.HSICalibrationValue = RCC_HSICALIBRATION_DEFAULT;
 768              		.loc 2 148 30 is_stmt 0 view .LVU240
 769 004a 0121     		movs	r1, #1
 770 004c 0B91     		str	r1, [sp, #44]
 149:Core/Src/main.c ****   RCC_OscInitStruct.PLL.PLLState = RCC_PLL_ON;
 771              		.loc 2 149 3 is_stmt 1 view .LVU241
 149:Core/Src/main.c ****   RCC_OscInitStruct.PLL.PLLState = RCC_PLL_ON;
 772              		.loc 2 149 41 is_stmt 0 view .LVU242
 773 004e 1021     		movs	r1, #16
 774 0050 0C91     		str	r1, [sp, #48]
 150:Core/Src/main.c ****   RCC_OscInitStruct.PLL.PLLSource = RCC_PLLSOURCE_HSI;
 775              		.loc 2 150 3 is_stmt 1 view .LVU243
 150:Core/Src/main.c ****   RCC_OscInitStruct.PLL.PLLSource = RCC_PLLSOURCE_HSI;
 776              		.loc 2 150 34 is_stmt 0 view .LVU244
 777 0052 0E92     		str	r2, [sp, #56]
 151:Core/Src/main.c ****   RCC_OscInitStruct.PLL.PLLM = 8;
 778              		.loc 2 151 3 is_stmt 1 view .LVU245
 151:Core/Src/main.c ****   RCC_OscInitStruct.PLL.PLLM = 8;
 779              		.loc 2 151 35 is_stmt 0 view .LVU246
 780 0054 0F93     		str	r3, [sp, #60]
 152:Core/Src/main.c ****   RCC_OscInitStruct.PLL.PLLN = 168;
 781              		.loc 2 152 3 is_stmt 1 view .LVU247
 152:Core/Src/main.c ****   RCC_OscInitStruct.PLL.PLLN = 168;
 782              		.loc 2 152 30 is_stmt 0 view .LVU248
 783 0056 0823     		movs	r3, #8
 784 0058 1093     		str	r3, [sp, #64]
 153:Core/Src/main.c ****   RCC_OscInitStruct.PLL.PLLP = RCC_PLLP_DIV2;
 785              		.loc 2 153 3 is_stmt 1 view .LVU249
 153:Core/Src/main.c ****   RCC_OscInitStruct.PLL.PLLP = RCC_PLLP_DIV2;
 786              		.loc 2 153 30 is_stmt 0 view .LVU250
 787 005a A823     		movs	r3, #168
 788 005c 1193     		str	r3, [sp, #68]
 154:Core/Src/main.c ****   RCC_OscInitStruct.PLL.PLLQ = 7;
 789              		.loc 2 154 3 is_stmt 1 view .LVU251
 154:Core/Src/main.c ****   RCC_OscInitStruct.PLL.PLLQ = 7;
 790              		.loc 2 154 30 is_stmt 0 view .LVU252
 791 005e 1292     		str	r2, [sp, #72]
 155:Core/Src/main.c ****   if (HAL_RCC_OscConfig(&RCC_OscInitStruct) != HAL_OK)
 792              		.loc 2 155 3 is_stmt 1 view .LVU253
 155:Core/Src/main.c ****   if (HAL_RCC_OscConfig(&RCC_OscInitStruct) != HAL_OK)
 793              		.loc 2 155 30 is_stmt 0 view .LVU254
 794 0060 0723     		movs	r3, #7
 795 0062 1393     		str	r3, [sp, #76]
 156:Core/Src/main.c ****   {
 796              		.loc 2 156 3 is_stmt 1 view .LVU255
 156:Core/Src/main.c ****   {
 797              		.loc 2 156 7 is_stmt 0 view .LVU256
 798 0064 08A8     		add	r0, sp, #32
ARM GAS  /tmp/ccpaxUFC.s 			page 26


 799 0066 FFF7FEFF 		bl	HAL_RCC_OscConfig
 800              	.LVL59:
 156:Core/Src/main.c ****   {
 801              		.loc 2 156 6 view .LVU257
 802 006a 98B9     		cbnz	r0, .L54
 163:Core/Src/main.c ****                               |RCC_CLOCKTYPE_PCLK1|RCC_CLOCKTYPE_PCLK2;
 803              		.loc 2 163 3 is_stmt 1 view .LVU258
 163:Core/Src/main.c ****                               |RCC_CLOCKTYPE_PCLK1|RCC_CLOCKTYPE_PCLK2;
 804              		.loc 2 163 31 is_stmt 0 view .LVU259
 805 006c 0F23     		movs	r3, #15
 806 006e 0393     		str	r3, [sp, #12]
 165:Core/Src/main.c ****   RCC_ClkInitStruct.AHBCLKDivider = RCC_SYSCLK_DIV1;
 807              		.loc 2 165 3 is_stmt 1 view .LVU260
 165:Core/Src/main.c ****   RCC_ClkInitStruct.AHBCLKDivider = RCC_SYSCLK_DIV1;
 808              		.loc 2 165 34 is_stmt 0 view .LVU261
 809 0070 0223     		movs	r3, #2
 810 0072 0493     		str	r3, [sp, #16]
 166:Core/Src/main.c ****   RCC_ClkInitStruct.APB1CLKDivider = RCC_HCLK_DIV4;
 811              		.loc 2 166 3 is_stmt 1 view .LVU262
 166:Core/Src/main.c ****   RCC_ClkInitStruct.APB1CLKDivider = RCC_HCLK_DIV4;
 812              		.loc 2 166 35 is_stmt 0 view .LVU263
 813 0074 0023     		movs	r3, #0
 814 0076 0593     		str	r3, [sp, #20]
 167:Core/Src/main.c ****   RCC_ClkInitStruct.APB2CLKDivider = RCC_HCLK_DIV2;
 815              		.loc 2 167 3 is_stmt 1 view .LVU264
 167:Core/Src/main.c ****   RCC_ClkInitStruct.APB2CLKDivider = RCC_HCLK_DIV2;
 816              		.loc 2 167 36 is_stmt 0 view .LVU265
 817 0078 4FF4A053 		mov	r3, #5120
 818 007c 0693     		str	r3, [sp, #24]
 168:Core/Src/main.c **** 
 819              		.loc 2 168 3 is_stmt 1 view .LVU266
 168:Core/Src/main.c **** 
 820              		.loc 2 168 36 is_stmt 0 view .LVU267
 821 007e 4FF48053 		mov	r3, #4096
 822 0082 0793     		str	r3, [sp, #28]
 170:Core/Src/main.c ****   {
 823              		.loc 2 170 3 is_stmt 1 view .LVU268
 170:Core/Src/main.c ****   {
 824              		.loc 2 170 7 is_stmt 0 view .LVU269
 825 0084 0521     		movs	r1, #5
 826 0086 03A8     		add	r0, sp, #12
 827 0088 FFF7FEFF 		bl	HAL_RCC_ClockConfig
 828              	.LVL60:
 170:Core/Src/main.c ****   {
 829              		.loc 2 170 6 view .LVU270
 830 008c 20B9     		cbnz	r0, .L55
 174:Core/Src/main.c **** 
 831              		.loc 2 174 1 view .LVU271
 832 008e 15B0     		add	sp, sp, #84
 833              	.LCFI7:
 834              		.cfi_remember_state
 835              		.cfi_def_cfa_offset 4
 836              		@ sp needed
 837 0090 5DF804FB 		ldr	pc, [sp], #4
 838              	.L54:
 839              	.LCFI8:
 840              		.cfi_restore_state
ARM GAS  /tmp/ccpaxUFC.s 			page 27


 158:Core/Src/main.c ****   }
 841              		.loc 2 158 5 is_stmt 1 view .LVU272
 842 0094 FFF7FEFF 		bl	Error_Handler
 843              	.LVL61:
 844              	.L55:
 172:Core/Src/main.c ****   }
 845              		.loc 2 172 5 view .LVU273
 846 0098 FFF7FEFF 		bl	Error_Handler
 847              	.LVL62:
 848              	.L57:
 849              		.align	2
 850              	.L56:
 851 009c 00380240 		.word	1073887232
 852 00a0 00700040 		.word	1073770496
 853              		.cfi_endproc
 854              	.LFE137:
 856              		.section	.rodata.main.str1.4,"aMS",%progbits,1
 857              		.align	2
 858              	.LC1:
 859 0000 68656C6C 		.ascii	"hello\000"
 859      6F00
 860 0006 0000     		.align	2
 861              	.LC2:
 862 0008 7061796C 		.ascii	"payloadData:\000"
 862      6F616444 
 862      6174613A 
 862      00
 863 0015 000000   		.align	2
 864              	.LC3:
 865 0018 25780900 		.ascii	"%x\011\000"
 866              		.section	.text.main,"ax",%progbits
 867              		.align	1
 868              		.global	main
 869              		.syntax unified
 870              		.thumb
 871              		.thumb_func
 872              		.fpu fpv4-sp-d16
 874              	main:
 875              	.LFB136:
  71:Core/Src/main.c ****   /* USER CODE BEGIN 1 */
 876              		.loc 2 71 1 view -0
 877              		.cfi_startproc
 878              		@ args = 0, pretend = 0, frame = 0
 879              		@ frame_needed = 0, uses_anonymous_args = 0
 880 0000 10B5     		push	{r4, lr}
 881              	.LCFI9:
 882              		.cfi_def_cfa_offset 8
 883              		.cfi_offset 4, -8
 884              		.cfi_offset 14, -4
  79:Core/Src/main.c **** 
 885              		.loc 2 79 3 view .LVU275
 886 0002 FFF7FEFF 		bl	HAL_Init
 887              	.LVL63:
  86:Core/Src/main.c **** 
 888              		.loc 2 86 3 view .LVU276
 889 0006 FFF7FEFF 		bl	SystemClock_Config
 890              	.LVL64:
ARM GAS  /tmp/ccpaxUFC.s 			page 28


  93:Core/Src/main.c ****   MX_DMA_Init();
 891              		.loc 2 93 3 view .LVU277
 892 000a FFF7FEFF 		bl	MX_GPIO_Init
 893              	.LVL65:
  94:Core/Src/main.c ****   MX_USART2_UART_Init();
 894              		.loc 2 94 3 view .LVU278
 895 000e FFF7FEFF 		bl	MX_DMA_Init
 896              	.LVL66:
  95:Core/Src/main.c ****   /* USER CODE BEGIN 2 */
 897              		.loc 2 95 3 view .LVU279
 898 0012 FFF7FEFF 		bl	MX_USART2_UART_Init
 899              	.LVL67:
  98:Core/Src/main.c ****   hxbee.rpac = &xbRcvPkt;
 900              		.loc 2 98 3 view .LVU280
  98:Core/Src/main.c ****   hxbee.rpac = &xbRcvPkt;
 901              		.loc 2 98 15 is_stmt 0 view .LVU281
 902 0016 1748     		ldr	r0, .L66
 903 0018 174B     		ldr	r3, .L66+4
 904 001a 0360     		str	r3, [r0]
  99:Core/Src/main.c ****   XBeeSetRxBuffer(&hxbee,&btrxdata);
 905              		.loc 2 99 3 is_stmt 1 view .LVU282
  99:Core/Src/main.c ****   XBeeSetRxBuffer(&hxbee,&btrxdata);
 906              		.loc 2 99 14 is_stmt 0 view .LVU283
 907 001c 174B     		ldr	r3, .L66+8
 908 001e 4360     		str	r3, [r0, #4]
 100:Core/Src/main.c ****   printf("hello\n");
 909              		.loc 2 100 3 is_stmt 1 view .LVU284
 910 0020 1749     		ldr	r1, .L66+12
 911 0022 FFF7FEFF 		bl	XBeeSetRxBuffer
 912              	.LVL68:
 101:Core/Src/main.c ****   /* USER CODE END 2 */
 913              		.loc 2 101 3 view .LVU285
 914 0026 1748     		ldr	r0, .L66+16
 915 0028 FFF7FEFF 		bl	puts
 916              	.LVL69:
 917 002c 0AE0     		b	.L63
 918              	.LVL70:
 919              	.L65:
 112:Core/Src/main.c ****       }else{
 920              		.loc 2 112 9 view .LVU286
 921 002e 0A20     		movs	r0, #10
 922 0030 FFF7FEFF 		bl	putchar
 923              	.LVL71:
 924              	.L60:
 115:Core/Src/main.c ****       startread= false;
 925              		.loc 2 115 7 view .LVU287
 116:Core/Src/main.c ****     }
 926              		.loc 2 116 7 view .LVU288
 116:Core/Src/main.c ****     }
 927              		.loc 2 116 16 is_stmt 0 view .LVU289
 928 0034 144B     		ldr	r3, .L66+20
 929 0036 0022     		movs	r2, #0
 930 0038 1A70     		strb	r2, [r3]
 931              	.L59:
 123:Core/Src/main.c ****   // __HAL_DMA_DISABLE_IT(&hdma_usart, DMA_IT_HIT);
 932              		.loc 2 123 3 is_stmt 1 view .LVU290
 933 003a 1822     		movs	r2, #24
ARM GAS  /tmp/ccpaxUFC.s 			page 29


 934 003c 1049     		ldr	r1, .L66+12
 935 003e 0E48     		ldr	r0, .L66+4
 936 0040 FFF7FEFF 		bl	HAL_UART_Receive_DMA
 937              	.LVL72:
 106:Core/Src/main.c ****   { //printf("xbee\n");
 938              		.loc 2 106 9 view .LVU291
 939              	.L63:
 106:Core/Src/main.c ****   { //printf("xbee\n");
 940              		.loc 2 106 3 view .LVU292
 108:Core/Src/main.c ****       if(XBeeReadPacket(&hxbee)){
 941              		.loc 2 108 5 view .LVU293
 108:Core/Src/main.c ****       if(XBeeReadPacket(&hxbee)){
 942              		.loc 2 108 8 is_stmt 0 view .LVU294
 943 0044 104B     		ldr	r3, .L66+20
 944 0046 1B78     		ldrb	r3, [r3]	@ zero_extendqisi2
 108:Core/Src/main.c ****       if(XBeeReadPacket(&hxbee)){
 945              		.loc 2 108 7 view .LVU295
 946 0048 002B     		cmp	r3, #0
 947 004a F6D0     		beq	.L59
 109:Core/Src/main.c ****         printf("payloadData:\n");
 948              		.loc 2 109 7 is_stmt 1 view .LVU296
 109:Core/Src/main.c ****         printf("payloadData:\n");
 949              		.loc 2 109 10 is_stmt 0 view .LVU297
 950 004c 0948     		ldr	r0, .L66
 951 004e FFF7FEFF 		bl	XBeeReadPacket
 952              	.LVL73:
 109:Core/Src/main.c ****         printf("payloadData:\n");
 953              		.loc 2 109 9 view .LVU298
 954 0052 0028     		cmp	r0, #0
 955 0054 EED0     		beq	.L60
 110:Core/Src/main.c ****         for(int i = 0; i< 8; i++)printf("%x\t",hxbee.rpac->payload[i]);
 956              		.loc 2 110 9 is_stmt 1 view .LVU299
 957 0056 0D48     		ldr	r0, .L66+24
 958 0058 FFF7FEFF 		bl	puts
 959              	.LVL74:
 111:Core/Src/main.c ****         printf("\n");
 960              		.loc 2 111 9 view .LVU300
 961              	.LBB9:
 111:Core/Src/main.c ****         printf("\n");
 962              		.loc 2 111 13 view .LVU301
 111:Core/Src/main.c ****         printf("\n");
 963              		.loc 2 111 17 is_stmt 0 view .LVU302
 964 005c 0024     		movs	r4, #0
 965              	.LVL75:
 966              	.L61:
 111:Core/Src/main.c ****         printf("\n");
 967              		.loc 2 111 24 is_stmt 1 discriminator 1 view .LVU303
 111:Core/Src/main.c ****         printf("\n");
 968              		.loc 2 111 9 is_stmt 0 discriminator 1 view .LVU304
 969 005e 072C     		cmp	r4, #7
 970 0060 E5DC     		bgt	.L65
 111:Core/Src/main.c ****         printf("\n");
 971              		.loc 2 111 34 is_stmt 1 discriminator 3 view .LVU305
 111:Core/Src/main.c ****         printf("\n");
 972              		.loc 2 111 53 is_stmt 0 discriminator 3 view .LVU306
 973 0062 044B     		ldr	r3, .L66
 974 0064 5B68     		ldr	r3, [r3, #4]
ARM GAS  /tmp/ccpaxUFC.s 			page 30


 111:Core/Src/main.c ****         printf("\n");
 975              		.loc 2 111 67 discriminator 3 view .LVU307
 976 0066 2344     		add	r3, r3, r4
 111:Core/Src/main.c ****         printf("\n");
 977              		.loc 2 111 34 discriminator 3 view .LVU308
 978 0068 D97B     		ldrb	r1, [r3, #15]	@ zero_extendqisi2
 979 006a 0948     		ldr	r0, .L66+28
 980 006c FFF7FEFF 		bl	printf
 981              	.LVL76:
 111:Core/Src/main.c ****         printf("\n");
 982              		.loc 2 111 30 is_stmt 1 discriminator 3 view .LVU309
 111:Core/Src/main.c ****         printf("\n");
 983              		.loc 2 111 31 is_stmt 0 discriminator 3 view .LVU310
 984 0070 0134     		adds	r4, r4, #1
 985              	.LVL77:
 111:Core/Src/main.c ****         printf("\n");
 986              		.loc 2 111 31 discriminator 3 view .LVU311
 987 0072 F4E7     		b	.L61
 988              	.L67:
 989              		.align	2
 990              	.L66:
 991 0074 00000000 		.word	.LANCHOR1
 992 0078 00000000 		.word	huart2
 993 007c 00000000 		.word	.LANCHOR2
 994 0080 00000000 		.word	.LANCHOR3
 995 0084 00000000 		.word	.LC1
 996 0088 00000000 		.word	.LANCHOR0
 997 008c 08000000 		.word	.LC2
 998 0090 18000000 		.word	.LC3
 999              	.LBE9:
 1000              		.cfi_endproc
 1001              	.LFE136:
 1003              		.global	startread
 1004              		.global	xbRcvPkt
 1005              		.global	hxbee
 1006              		.section	.bss.btrxdata,"aw",%nobits
 1007              		.align	2
 1008              		.set	.LANCHOR3,. + 0
 1011              	btrxdata:
 1012 0000 00000000 		.space	64
 1012      00000000 
 1012      00000000 
 1012      00000000 
 1012      00000000 
 1013              		.section	.bss.hxbee,"aw",%nobits
 1014              		.align	2
 1015              		.set	.LANCHOR1,. + 0
 1018              	hxbee:
 1019 0000 00000000 		.space	12
 1019      00000000 
 1019      00000000 
 1020              		.section	.bss.startread,"aw",%nobits
 1021              		.set	.LANCHOR0,. + 0
 1024              	startread:
 1025 0000 00       		.space	1
 1026              		.section	.bss.xbRcvPkt,"aw",%nobits
 1027              		.align	2
ARM GAS  /tmp/ccpaxUFC.s 			page 31


 1028              		.set	.LANCHOR2,. + 0
 1031              	xbRcvPkt:
 1032 0000 00000000 		.space	24
 1032      00000000 
 1032      00000000 
 1032      00000000 
 1032      00000000 
 1033              		.text
 1034              	.Letext0:
 1035              		.file 4 "/usr/lib/gcc/arm-none-eabi/10.3.1/include/stdint.h"
 1036              		.file 5 "Drivers/CMSIS/Device/ST/STM32F4xx/Include/stm32f407xx.h"
 1037              		.file 6 "Drivers/STM32F4xx_HAL_Driver/Inc/stm32f4xx_hal_def.h"
 1038              		.file 7 "Drivers/STM32F4xx_HAL_Driver/Inc/stm32f4xx_hal_rcc_ex.h"
 1039              		.file 8 "Drivers/STM32F4xx_HAL_Driver/Inc/stm32f4xx_hal_rcc.h"
 1040              		.file 9 "Drivers/STM32F4xx_HAL_Driver/Inc/stm32f4xx_hal_dma.h"
 1041              		.file 10 "Drivers/STM32F4xx_HAL_Driver/Inc/stm32f4xx_hal_uart.h"
 1042              		.file 11 "Core/Inc/usart.h"
 1043              		.file 12 "/usr/include/newlib/stdio.h"
 1044              		.file 13 "Drivers/STM32F4xx_HAL_Driver/Inc/stm32f4xx_hal.h"
 1045              		.file 14 "Core/Inc/gpio.h"
 1046              		.file 15 "Core/Inc/dma.h"
 1047              		.file 16 "<built-in>"
ARM GAS  /tmp/ccpaxUFC.s 			page 32


DEFINED SYMBOLS
                            *ABS*:0000000000000000 main.c
     /tmp/ccpaxUFC.s:18     .text.XBeeSetRxBuffer:0000000000000000 $t
     /tmp/ccpaxUFC.s:26     .text.XBeeSetRxBuffer:0000000000000000 XBeeSetRxBuffer
     /tmp/ccpaxUFC.s:44     .rodata.XBeeDecodePacket.str1.4:0000000000000000 $d
     /tmp/ccpaxUFC.s:48     .text.XBeeDecodePacket:0000000000000000 $t
     /tmp/ccpaxUFC.s:55     .text.XBeeDecodePacket:0000000000000000 XBeeDecodePacket
     /tmp/ccpaxUFC.s:560    .text.XBeeDecodePacket:000000000000021c $d
     /tmp/ccpaxUFC.s:565    .text.XBeeReadPacket:0000000000000000 $t
     /tmp/ccpaxUFC.s:572    .text.XBeeReadPacket:0000000000000000 XBeeReadPacket
     /tmp/ccpaxUFC.s:619    .text.XBeeReadPacket:0000000000000020 $d
     /tmp/ccpaxUFC.s:624    .text.HAL_UART_RxCpltCallback:0000000000000000 $t
     /tmp/ccpaxUFC.s:631    .text.HAL_UART_RxCpltCallback:0000000000000000 HAL_UART_RxCpltCallback
     /tmp/ccpaxUFC.s:650    .text.HAL_UART_RxCpltCallback:0000000000000008 $d
     /tmp/ccpaxUFC.s:655    .text.Error_Handler:0000000000000000 $t
     /tmp/ccpaxUFC.s:662    .text.Error_Handler:0000000000000000 Error_Handler
     /tmp/ccpaxUFC.s:694    .text.SystemClock_Config:0000000000000000 $t
     /tmp/ccpaxUFC.s:701    .text.SystemClock_Config:0000000000000000 SystemClock_Config
     /tmp/ccpaxUFC.s:851    .text.SystemClock_Config:000000000000009c $d
     /tmp/ccpaxUFC.s:857    .rodata.main.str1.4:0000000000000000 $d
     /tmp/ccpaxUFC.s:867    .text.main:0000000000000000 $t
     /tmp/ccpaxUFC.s:874    .text.main:0000000000000000 main
     /tmp/ccpaxUFC.s:991    .text.main:0000000000000074 $d
     /tmp/ccpaxUFC.s:1024   .bss.startread:0000000000000000 startread
     /tmp/ccpaxUFC.s:1031   .bss.xbRcvPkt:0000000000000000 xbRcvPkt
     /tmp/ccpaxUFC.s:1018   .bss.hxbee:0000000000000000 hxbee
     /tmp/ccpaxUFC.s:1007   .bss.btrxdata:0000000000000000 $d
     /tmp/ccpaxUFC.s:1011   .bss.btrxdata:0000000000000000 btrxdata
     /tmp/ccpaxUFC.s:1014   .bss.hxbee:0000000000000000 $d
     /tmp/ccpaxUFC.s:1025   .bss.startread:0000000000000000 $d
     /tmp/ccpaxUFC.s:1027   .bss.xbRcvPkt:0000000000000000 $d

UNDEFINED SYMBOLS
printf
HAL_UARTEx_ReceiveToIdle_DMA
huart2
memset
HAL_RCC_OscConfig
HAL_RCC_ClockConfig
HAL_Init
MX_GPIO_Init
MX_DMA_Init
MX_USART2_UART_Init
puts
putchar
HAL_UART_Receive_DMA
