ARM GAS  /tmp/ccagzKyl.s 			page 1


   1              		.cpu cortex-m4
   2              		.eabi_attribute 27, 1
   3              		.eabi_attribute 28, 1
   4              		.eabi_attribute 20, 1
   5              		.eabi_attribute 21, 1
   6              		.eabi_attribute 23, 3
   7              		.eabi_attribute 24, 1
   8              		.eabi_attribute 25, 1
   9              		.eabi_attribute 26, 1
  10              		.eabi_attribute 30, 1
  11              		.eabi_attribute 34, 1
  12              		.eabi_attribute 18, 4
  13              		.file	"usart.c"
  14              		.text
  15              	.Ltext0:
  16              		.cfi_sections	.debug_frame
  17              		.section	.text.MX_USART2_UART_Init,"ax",%progbits
  18              		.align	1
  19              		.global	MX_USART2_UART_Init
  20              		.arch armv7e-m
  21              		.syntax unified
  22              		.thumb
  23              		.thumb_func
  24              		.fpu fpv4-sp-d16
  26              	MX_USART2_UART_Init:
  27              	.LFB130:
  28              		.file 1 "Core/Src/usart.c"
   1:Core/Src/usart.c **** /* USER CODE BEGIN Header */
   2:Core/Src/usart.c **** /**
   3:Core/Src/usart.c ****   ******************************************************************************
   4:Core/Src/usart.c ****   * @file    usart.c
   5:Core/Src/usart.c ****   * @brief   This file provides code for the configuration
   6:Core/Src/usart.c ****   *          of the USART instances.
   7:Core/Src/usart.c ****   ******************************************************************************
   8:Core/Src/usart.c ****   * @attention
   9:Core/Src/usart.c ****   *
  10:Core/Src/usart.c ****   * Copyright (c) 2023 STMicroelectronics.
  11:Core/Src/usart.c ****   * All rights reserved.
  12:Core/Src/usart.c ****   *
  13:Core/Src/usart.c ****   * This software is licensed under terms that can be found in the LICENSE file
  14:Core/Src/usart.c ****   * in the root directory of this software component.
  15:Core/Src/usart.c ****   * If no LICENSE file comes with this software, it is provided AS-IS.
  16:Core/Src/usart.c ****   *
  17:Core/Src/usart.c ****   ******************************************************************************
  18:Core/Src/usart.c ****   */
  19:Core/Src/usart.c **** /* USER CODE END Header */
  20:Core/Src/usart.c **** /* Includes ------------------------------------------------------------------*/
  21:Core/Src/usart.c **** #include "usart.h"
  22:Core/Src/usart.c **** 
  23:Core/Src/usart.c **** /* USER CODE BEGIN 0 */
  24:Core/Src/usart.c **** 
  25:Core/Src/usart.c **** /* USER CODE END 0 */
  26:Core/Src/usart.c **** 
  27:Core/Src/usart.c **** UART_HandleTypeDef huart2;
  28:Core/Src/usart.c **** DMA_HandleTypeDef hdma_usart2_rx;
  29:Core/Src/usart.c **** 
  30:Core/Src/usart.c **** /* USART2 init function */
ARM GAS  /tmp/ccagzKyl.s 			page 2


  31:Core/Src/usart.c **** 
  32:Core/Src/usart.c **** void MX_USART2_UART_Init(void)
  33:Core/Src/usart.c **** {
  29              		.loc 1 33 1 view -0
  30              		.cfi_startproc
  31              		@ args = 0, pretend = 0, frame = 0
  32              		@ frame_needed = 0, uses_anonymous_args = 0
  33 0000 08B5     		push	{r3, lr}
  34              	.LCFI0:
  35              		.cfi_def_cfa_offset 8
  36              		.cfi_offset 3, -8
  37              		.cfi_offset 14, -4
  34:Core/Src/usart.c **** 
  35:Core/Src/usart.c ****   /* USER CODE BEGIN USART2_Init 0 */
  36:Core/Src/usart.c **** 
  37:Core/Src/usart.c ****   /* USER CODE END USART2_Init 0 */
  38:Core/Src/usart.c **** 
  39:Core/Src/usart.c ****   /* USER CODE BEGIN USART2_Init 1 */
  40:Core/Src/usart.c **** 
  41:Core/Src/usart.c ****   /* USER CODE END USART2_Init 1 */
  42:Core/Src/usart.c ****   huart2.Instance = USART2;
  38              		.loc 1 42 3 view .LVU1
  39              		.loc 1 42 19 is_stmt 0 view .LVU2
  40 0002 0A48     		ldr	r0, .L5
  41 0004 0A4B     		ldr	r3, .L5+4
  42 0006 0360     		str	r3, [r0]
  43:Core/Src/usart.c ****   huart2.Init.BaudRate = 9600;
  43              		.loc 1 43 3 is_stmt 1 view .LVU3
  44              		.loc 1 43 24 is_stmt 0 view .LVU4
  45 0008 4FF41653 		mov	r3, #9600
  46 000c 4360     		str	r3, [r0, #4]
  44:Core/Src/usart.c ****   huart2.Init.WordLength = UART_WORDLENGTH_8B;
  47              		.loc 1 44 3 is_stmt 1 view .LVU5
  48              		.loc 1 44 26 is_stmt 0 view .LVU6
  49 000e 0023     		movs	r3, #0
  50 0010 8360     		str	r3, [r0, #8]
  45:Core/Src/usart.c ****   huart2.Init.StopBits = UART_STOPBITS_1;
  51              		.loc 1 45 3 is_stmt 1 view .LVU7
  52              		.loc 1 45 24 is_stmt 0 view .LVU8
  53 0012 C360     		str	r3, [r0, #12]
  46:Core/Src/usart.c ****   huart2.Init.Parity = UART_PARITY_NONE;
  54              		.loc 1 46 3 is_stmt 1 view .LVU9
  55              		.loc 1 46 22 is_stmt 0 view .LVU10
  56 0014 0361     		str	r3, [r0, #16]
  47:Core/Src/usart.c ****   huart2.Init.Mode = UART_MODE_TX_RX;
  57              		.loc 1 47 3 is_stmt 1 view .LVU11
  58              		.loc 1 47 20 is_stmt 0 view .LVU12
  59 0016 0C22     		movs	r2, #12
  60 0018 4261     		str	r2, [r0, #20]
  48:Core/Src/usart.c ****   huart2.Init.HwFlowCtl = UART_HWCONTROL_NONE;
  61              		.loc 1 48 3 is_stmt 1 view .LVU13
  62              		.loc 1 48 25 is_stmt 0 view .LVU14
  63 001a 8361     		str	r3, [r0, #24]
  49:Core/Src/usart.c ****   huart2.Init.OverSampling = UART_OVERSAMPLING_16;
  64              		.loc 1 49 3 is_stmt 1 view .LVU15
  65              		.loc 1 49 28 is_stmt 0 view .LVU16
  66 001c C361     		str	r3, [r0, #28]
ARM GAS  /tmp/ccagzKyl.s 			page 3


  50:Core/Src/usart.c ****   if (HAL_UART_Init(&huart2) != HAL_OK)
  67              		.loc 1 50 3 is_stmt 1 view .LVU17
  68              		.loc 1 50 7 is_stmt 0 view .LVU18
  69 001e FFF7FEFF 		bl	HAL_UART_Init
  70              	.LVL0:
  71              		.loc 1 50 6 view .LVU19
  72 0022 00B9     		cbnz	r0, .L4
  73              	.L1:
  51:Core/Src/usart.c ****   {
  52:Core/Src/usart.c ****     Error_Handler();
  53:Core/Src/usart.c ****   }
  54:Core/Src/usart.c ****   /* USER CODE BEGIN USART2_Init 2 */
  55:Core/Src/usart.c **** 
  56:Core/Src/usart.c ****   /* USER CODE END USART2_Init 2 */
  57:Core/Src/usart.c **** 
  58:Core/Src/usart.c **** }
  74              		.loc 1 58 1 view .LVU20
  75 0024 08BD     		pop	{r3, pc}
  76              	.L4:
  52:Core/Src/usart.c ****   }
  77              		.loc 1 52 5 is_stmt 1 view .LVU21
  78 0026 FFF7FEFF 		bl	Error_Handler
  79              	.LVL1:
  80              		.loc 1 58 1 is_stmt 0 view .LVU22
  81 002a FBE7     		b	.L1
  82              	.L6:
  83              		.align	2
  84              	.L5:
  85 002c 00000000 		.word	.LANCHOR0
  86 0030 00440040 		.word	1073759232
  87              		.cfi_endproc
  88              	.LFE130:
  90              		.section	.text.HAL_UART_MspInit,"ax",%progbits
  91              		.align	1
  92              		.global	HAL_UART_MspInit
  93              		.syntax unified
  94              		.thumb
  95              		.thumb_func
  96              		.fpu fpv4-sp-d16
  98              	HAL_UART_MspInit:
  99              	.LVL2:
 100              	.LFB131:
  59:Core/Src/usart.c **** 
  60:Core/Src/usart.c **** void HAL_UART_MspInit(UART_HandleTypeDef* uartHandle)
  61:Core/Src/usart.c **** {
 101              		.loc 1 61 1 is_stmt 1 view -0
 102              		.cfi_startproc
 103              		@ args = 0, pretend = 0, frame = 32
 104              		@ frame_needed = 0, uses_anonymous_args = 0
 105              		.loc 1 61 1 is_stmt 0 view .LVU24
 106 0000 30B5     		push	{r4, r5, lr}
 107              	.LCFI1:
 108              		.cfi_def_cfa_offset 12
 109              		.cfi_offset 4, -12
 110              		.cfi_offset 5, -8
 111              		.cfi_offset 14, -4
 112 0002 89B0     		sub	sp, sp, #36
ARM GAS  /tmp/ccagzKyl.s 			page 4


 113              	.LCFI2:
 114              		.cfi_def_cfa_offset 48
  62:Core/Src/usart.c **** 
  63:Core/Src/usart.c ****   GPIO_InitTypeDef GPIO_InitStruct = {0};
 115              		.loc 1 63 3 is_stmt 1 view .LVU25
 116              		.loc 1 63 20 is_stmt 0 view .LVU26
 117 0004 0023     		movs	r3, #0
 118 0006 0393     		str	r3, [sp, #12]
 119 0008 0493     		str	r3, [sp, #16]
 120 000a 0593     		str	r3, [sp, #20]
 121 000c 0693     		str	r3, [sp, #24]
 122 000e 0793     		str	r3, [sp, #28]
  64:Core/Src/usart.c ****   if(uartHandle->Instance==USART2)
 123              		.loc 1 64 3 is_stmt 1 view .LVU27
 124              		.loc 1 64 16 is_stmt 0 view .LVU28
 125 0010 0268     		ldr	r2, [r0]
 126              		.loc 1 64 5 view .LVU29
 127 0012 264B     		ldr	r3, .L13
 128 0014 9A42     		cmp	r2, r3
 129 0016 01D0     		beq	.L11
 130              	.LVL3:
 131              	.L7:
  65:Core/Src/usart.c ****   {
  66:Core/Src/usart.c ****   /* USER CODE BEGIN USART2_MspInit 0 */
  67:Core/Src/usart.c **** 
  68:Core/Src/usart.c ****   /* USER CODE END USART2_MspInit 0 */
  69:Core/Src/usart.c ****     /* USART2 clock enable */
  70:Core/Src/usart.c ****     __HAL_RCC_USART2_CLK_ENABLE();
  71:Core/Src/usart.c **** 
  72:Core/Src/usart.c ****     __HAL_RCC_GPIOA_CLK_ENABLE();
  73:Core/Src/usart.c ****     /**USART2 GPIO Configuration
  74:Core/Src/usart.c ****     PA2     ------> USART2_TX
  75:Core/Src/usart.c ****     PA3     ------> USART2_RX
  76:Core/Src/usart.c ****     */
  77:Core/Src/usart.c ****     GPIO_InitStruct.Pin = GPIO_PIN_2|GPIO_PIN_3;
  78:Core/Src/usart.c ****     GPIO_InitStruct.Mode = GPIO_MODE_AF_PP;
  79:Core/Src/usart.c ****     GPIO_InitStruct.Pull = GPIO_NOPULL;
  80:Core/Src/usart.c ****     GPIO_InitStruct.Speed = GPIO_SPEED_FREQ_VERY_HIGH;
  81:Core/Src/usart.c ****     GPIO_InitStruct.Alternate = GPIO_AF7_USART2;
  82:Core/Src/usart.c ****     HAL_GPIO_Init(GPIOA, &GPIO_InitStruct);
  83:Core/Src/usart.c **** 
  84:Core/Src/usart.c ****     /* USART2 DMA Init */
  85:Core/Src/usart.c ****     /* USART2_RX Init */
  86:Core/Src/usart.c ****     hdma_usart2_rx.Instance = DMA1_Stream5;
  87:Core/Src/usart.c ****     hdma_usart2_rx.Init.Channel = DMA_CHANNEL_4;
  88:Core/Src/usart.c ****     hdma_usart2_rx.Init.Direction = DMA_PERIPH_TO_MEMORY;
  89:Core/Src/usart.c ****     hdma_usart2_rx.Init.PeriphInc = DMA_PINC_DISABLE;
  90:Core/Src/usart.c ****     hdma_usart2_rx.Init.MemInc = DMA_MINC_ENABLE;
  91:Core/Src/usart.c ****     hdma_usart2_rx.Init.PeriphDataAlignment = DMA_PDATAALIGN_BYTE;
  92:Core/Src/usart.c ****     hdma_usart2_rx.Init.MemDataAlignment = DMA_MDATAALIGN_BYTE;
  93:Core/Src/usart.c ****     hdma_usart2_rx.Init.Mode = DMA_NORMAL;
  94:Core/Src/usart.c ****     hdma_usart2_rx.Init.Priority = DMA_PRIORITY_VERY_HIGH;
  95:Core/Src/usart.c ****     hdma_usart2_rx.Init.FIFOMode = DMA_FIFOMODE_DISABLE;
  96:Core/Src/usart.c ****     if (HAL_DMA_Init(&hdma_usart2_rx) != HAL_OK)
  97:Core/Src/usart.c ****     {
  98:Core/Src/usart.c ****       Error_Handler();
  99:Core/Src/usart.c ****     }
ARM GAS  /tmp/ccagzKyl.s 			page 5


 100:Core/Src/usart.c **** 
 101:Core/Src/usart.c ****     __HAL_LINKDMA(uartHandle,hdmarx,hdma_usart2_rx);
 102:Core/Src/usart.c **** 
 103:Core/Src/usart.c ****     /* USART2 interrupt Init */
 104:Core/Src/usart.c ****     HAL_NVIC_SetPriority(USART2_IRQn, 0, 0);
 105:Core/Src/usart.c ****     HAL_NVIC_EnableIRQ(USART2_IRQn);
 106:Core/Src/usart.c ****   /* USER CODE BEGIN USART2_MspInit 1 */
 107:Core/Src/usart.c **** 
 108:Core/Src/usart.c ****   /* USER CODE END USART2_MspInit 1 */
 109:Core/Src/usart.c ****   }
 110:Core/Src/usart.c **** }
 132              		.loc 1 110 1 view .LVU30
 133 0018 09B0     		add	sp, sp, #36
 134              	.LCFI3:
 135              		.cfi_remember_state
 136              		.cfi_def_cfa_offset 12
 137              		@ sp needed
 138 001a 30BD     		pop	{r4, r5, pc}
 139              	.LVL4:
 140              	.L11:
 141              	.LCFI4:
 142              		.cfi_restore_state
 143              		.loc 1 110 1 view .LVU31
 144 001c 0446     		mov	r4, r0
  70:Core/Src/usart.c **** 
 145              		.loc 1 70 5 is_stmt 1 view .LVU32
 146              	.LBB2:
  70:Core/Src/usart.c **** 
 147              		.loc 1 70 5 view .LVU33
 148 001e 0025     		movs	r5, #0
 149 0020 0195     		str	r5, [sp, #4]
  70:Core/Src/usart.c **** 
 150              		.loc 1 70 5 view .LVU34
 151 0022 03F5FA33 		add	r3, r3, #128000
 152 0026 1A6C     		ldr	r2, [r3, #64]
 153 0028 42F40032 		orr	r2, r2, #131072
 154 002c 1A64     		str	r2, [r3, #64]
  70:Core/Src/usart.c **** 
 155              		.loc 1 70 5 view .LVU35
 156 002e 1A6C     		ldr	r2, [r3, #64]
 157 0030 02F40032 		and	r2, r2, #131072
 158 0034 0192     		str	r2, [sp, #4]
  70:Core/Src/usart.c **** 
 159              		.loc 1 70 5 view .LVU36
 160 0036 019A     		ldr	r2, [sp, #4]
 161              	.LBE2:
  70:Core/Src/usart.c **** 
 162              		.loc 1 70 5 view .LVU37
  72:Core/Src/usart.c ****     /**USART2 GPIO Configuration
 163              		.loc 1 72 5 view .LVU38
 164              	.LBB3:
  72:Core/Src/usart.c ****     /**USART2 GPIO Configuration
 165              		.loc 1 72 5 view .LVU39
 166 0038 0295     		str	r5, [sp, #8]
  72:Core/Src/usart.c ****     /**USART2 GPIO Configuration
 167              		.loc 1 72 5 view .LVU40
 168 003a 1A6B     		ldr	r2, [r3, #48]
ARM GAS  /tmp/ccagzKyl.s 			page 6


 169 003c 42F00102 		orr	r2, r2, #1
 170 0040 1A63     		str	r2, [r3, #48]
  72:Core/Src/usart.c ****     /**USART2 GPIO Configuration
 171              		.loc 1 72 5 view .LVU41
 172 0042 1B6B     		ldr	r3, [r3, #48]
 173 0044 03F00103 		and	r3, r3, #1
 174 0048 0293     		str	r3, [sp, #8]
  72:Core/Src/usart.c ****     /**USART2 GPIO Configuration
 175              		.loc 1 72 5 view .LVU42
 176 004a 029B     		ldr	r3, [sp, #8]
 177              	.LBE3:
  72:Core/Src/usart.c ****     /**USART2 GPIO Configuration
 178              		.loc 1 72 5 view .LVU43
  77:Core/Src/usart.c ****     GPIO_InitStruct.Mode = GPIO_MODE_AF_PP;
 179              		.loc 1 77 5 view .LVU44
  77:Core/Src/usart.c ****     GPIO_InitStruct.Mode = GPIO_MODE_AF_PP;
 180              		.loc 1 77 25 is_stmt 0 view .LVU45
 181 004c 0C23     		movs	r3, #12
 182 004e 0393     		str	r3, [sp, #12]
  78:Core/Src/usart.c ****     GPIO_InitStruct.Pull = GPIO_NOPULL;
 183              		.loc 1 78 5 is_stmt 1 view .LVU46
  78:Core/Src/usart.c ****     GPIO_InitStruct.Pull = GPIO_NOPULL;
 184              		.loc 1 78 26 is_stmt 0 view .LVU47
 185 0050 0223     		movs	r3, #2
 186 0052 0493     		str	r3, [sp, #16]
  79:Core/Src/usart.c ****     GPIO_InitStruct.Speed = GPIO_SPEED_FREQ_VERY_HIGH;
 187              		.loc 1 79 5 is_stmt 1 view .LVU48
  80:Core/Src/usart.c ****     GPIO_InitStruct.Alternate = GPIO_AF7_USART2;
 188              		.loc 1 80 5 view .LVU49
  80:Core/Src/usart.c ****     GPIO_InitStruct.Alternate = GPIO_AF7_USART2;
 189              		.loc 1 80 27 is_stmt 0 view .LVU50
 190 0054 0323     		movs	r3, #3
 191 0056 0693     		str	r3, [sp, #24]
  81:Core/Src/usart.c ****     HAL_GPIO_Init(GPIOA, &GPIO_InitStruct);
 192              		.loc 1 81 5 is_stmt 1 view .LVU51
  81:Core/Src/usart.c ****     HAL_GPIO_Init(GPIOA, &GPIO_InitStruct);
 193              		.loc 1 81 31 is_stmt 0 view .LVU52
 194 0058 0723     		movs	r3, #7
 195 005a 0793     		str	r3, [sp, #28]
  82:Core/Src/usart.c **** 
 196              		.loc 1 82 5 is_stmt 1 view .LVU53
 197 005c 03A9     		add	r1, sp, #12
 198 005e 1448     		ldr	r0, .L13+4
 199              	.LVL5:
  82:Core/Src/usart.c **** 
 200              		.loc 1 82 5 is_stmt 0 view .LVU54
 201 0060 FFF7FEFF 		bl	HAL_GPIO_Init
 202              	.LVL6:
  86:Core/Src/usart.c ****     hdma_usart2_rx.Init.Channel = DMA_CHANNEL_4;
 203              		.loc 1 86 5 is_stmt 1 view .LVU55
  86:Core/Src/usart.c ****     hdma_usart2_rx.Init.Channel = DMA_CHANNEL_4;
 204              		.loc 1 86 29 is_stmt 0 view .LVU56
 205 0064 1348     		ldr	r0, .L13+8
 206 0066 144B     		ldr	r3, .L13+12
 207 0068 0360     		str	r3, [r0]
  87:Core/Src/usart.c ****     hdma_usart2_rx.Init.Direction = DMA_PERIPH_TO_MEMORY;
 208              		.loc 1 87 5 is_stmt 1 view .LVU57
ARM GAS  /tmp/ccagzKyl.s 			page 7


  87:Core/Src/usart.c ****     hdma_usart2_rx.Init.Direction = DMA_PERIPH_TO_MEMORY;
 209              		.loc 1 87 33 is_stmt 0 view .LVU58
 210 006a 4FF00063 		mov	r3, #134217728
 211 006e 4360     		str	r3, [r0, #4]
  88:Core/Src/usart.c ****     hdma_usart2_rx.Init.PeriphInc = DMA_PINC_DISABLE;
 212              		.loc 1 88 5 is_stmt 1 view .LVU59
  88:Core/Src/usart.c ****     hdma_usart2_rx.Init.PeriphInc = DMA_PINC_DISABLE;
 213              		.loc 1 88 35 is_stmt 0 view .LVU60
 214 0070 8560     		str	r5, [r0, #8]
  89:Core/Src/usart.c ****     hdma_usart2_rx.Init.MemInc = DMA_MINC_ENABLE;
 215              		.loc 1 89 5 is_stmt 1 view .LVU61
  89:Core/Src/usart.c ****     hdma_usart2_rx.Init.MemInc = DMA_MINC_ENABLE;
 216              		.loc 1 89 35 is_stmt 0 view .LVU62
 217 0072 C560     		str	r5, [r0, #12]
  90:Core/Src/usart.c ****     hdma_usart2_rx.Init.PeriphDataAlignment = DMA_PDATAALIGN_BYTE;
 218              		.loc 1 90 5 is_stmt 1 view .LVU63
  90:Core/Src/usart.c ****     hdma_usart2_rx.Init.PeriphDataAlignment = DMA_PDATAALIGN_BYTE;
 219              		.loc 1 90 32 is_stmt 0 view .LVU64
 220 0074 4FF48063 		mov	r3, #1024
 221 0078 0361     		str	r3, [r0, #16]
  91:Core/Src/usart.c ****     hdma_usart2_rx.Init.MemDataAlignment = DMA_MDATAALIGN_BYTE;
 222              		.loc 1 91 5 is_stmt 1 view .LVU65
  91:Core/Src/usart.c ****     hdma_usart2_rx.Init.MemDataAlignment = DMA_MDATAALIGN_BYTE;
 223              		.loc 1 91 45 is_stmt 0 view .LVU66
 224 007a 4561     		str	r5, [r0, #20]
  92:Core/Src/usart.c ****     hdma_usart2_rx.Init.Mode = DMA_NORMAL;
 225              		.loc 1 92 5 is_stmt 1 view .LVU67
  92:Core/Src/usart.c ****     hdma_usart2_rx.Init.Mode = DMA_NORMAL;
 226              		.loc 1 92 42 is_stmt 0 view .LVU68
 227 007c 8561     		str	r5, [r0, #24]
  93:Core/Src/usart.c ****     hdma_usart2_rx.Init.Priority = DMA_PRIORITY_VERY_HIGH;
 228              		.loc 1 93 5 is_stmt 1 view .LVU69
  93:Core/Src/usart.c ****     hdma_usart2_rx.Init.Priority = DMA_PRIORITY_VERY_HIGH;
 229              		.loc 1 93 30 is_stmt 0 view .LVU70
 230 007e C561     		str	r5, [r0, #28]
  94:Core/Src/usart.c ****     hdma_usart2_rx.Init.FIFOMode = DMA_FIFOMODE_DISABLE;
 231              		.loc 1 94 5 is_stmt 1 view .LVU71
  94:Core/Src/usart.c ****     hdma_usart2_rx.Init.FIFOMode = DMA_FIFOMODE_DISABLE;
 232              		.loc 1 94 34 is_stmt 0 view .LVU72
 233 0080 4FF44033 		mov	r3, #196608
 234 0084 0362     		str	r3, [r0, #32]
  95:Core/Src/usart.c ****     if (HAL_DMA_Init(&hdma_usart2_rx) != HAL_OK)
 235              		.loc 1 95 5 is_stmt 1 view .LVU73
  95:Core/Src/usart.c ****     if (HAL_DMA_Init(&hdma_usart2_rx) != HAL_OK)
 236              		.loc 1 95 34 is_stmt 0 view .LVU74
 237 0086 4562     		str	r5, [r0, #36]
  96:Core/Src/usart.c ****     {
 238              		.loc 1 96 5 is_stmt 1 view .LVU75
  96:Core/Src/usart.c ****     {
 239              		.loc 1 96 9 is_stmt 0 view .LVU76
 240 0088 FFF7FEFF 		bl	HAL_DMA_Init
 241              	.LVL7:
  96:Core/Src/usart.c ****     {
 242              		.loc 1 96 8 view .LVU77
 243 008c 58B9     		cbnz	r0, .L12
 244              	.L9:
 101:Core/Src/usart.c **** 
ARM GAS  /tmp/ccagzKyl.s 			page 8


 245              		.loc 1 101 5 is_stmt 1 view .LVU78
 101:Core/Src/usart.c **** 
 246              		.loc 1 101 5 view .LVU79
 247 008e 094B     		ldr	r3, .L13+8
 248 0090 A363     		str	r3, [r4, #56]
 101:Core/Src/usart.c **** 
 249              		.loc 1 101 5 view .LVU80
 250 0092 9C63     		str	r4, [r3, #56]
 101:Core/Src/usart.c **** 
 251              		.loc 1 101 5 view .LVU81
 104:Core/Src/usart.c ****     HAL_NVIC_EnableIRQ(USART2_IRQn);
 252              		.loc 1 104 5 view .LVU82
 253 0094 0022     		movs	r2, #0
 254 0096 1146     		mov	r1, r2
 255 0098 2620     		movs	r0, #38
 256 009a FFF7FEFF 		bl	HAL_NVIC_SetPriority
 257              	.LVL8:
 105:Core/Src/usart.c ****   /* USER CODE BEGIN USART2_MspInit 1 */
 258              		.loc 1 105 5 view .LVU83
 259 009e 2620     		movs	r0, #38
 260 00a0 FFF7FEFF 		bl	HAL_NVIC_EnableIRQ
 261              	.LVL9:
 262              		.loc 1 110 1 is_stmt 0 view .LVU84
 263 00a4 B8E7     		b	.L7
 264              	.L12:
  98:Core/Src/usart.c ****     }
 265              		.loc 1 98 7 is_stmt 1 view .LVU85
 266 00a6 FFF7FEFF 		bl	Error_Handler
 267              	.LVL10:
 268 00aa F0E7     		b	.L9
 269              	.L14:
 270              		.align	2
 271              	.L13:
 272 00ac 00440040 		.word	1073759232
 273 00b0 00000240 		.word	1073872896
 274 00b4 00000000 		.word	.LANCHOR1
 275 00b8 88600240 		.word	1073897608
 276              		.cfi_endproc
 277              	.LFE131:
 279              		.section	.text.HAL_UART_MspDeInit,"ax",%progbits
 280              		.align	1
 281              		.global	HAL_UART_MspDeInit
 282              		.syntax unified
 283              		.thumb
 284              		.thumb_func
 285              		.fpu fpv4-sp-d16
 287              	HAL_UART_MspDeInit:
 288              	.LVL11:
 289              	.LFB132:
 111:Core/Src/usart.c **** 
 112:Core/Src/usart.c **** void HAL_UART_MspDeInit(UART_HandleTypeDef* uartHandle)
 113:Core/Src/usart.c **** {
 290              		.loc 1 113 1 view -0
 291              		.cfi_startproc
 292              		@ args = 0, pretend = 0, frame = 0
 293              		@ frame_needed = 0, uses_anonymous_args = 0
 114:Core/Src/usart.c **** 
ARM GAS  /tmp/ccagzKyl.s 			page 9


 115:Core/Src/usart.c ****   if(uartHandle->Instance==USART2)
 294              		.loc 1 115 3 view .LVU87
 295              		.loc 1 115 16 is_stmt 0 view .LVU88
 296 0000 0268     		ldr	r2, [r0]
 297              		.loc 1 115 5 view .LVU89
 298 0002 0B4B     		ldr	r3, .L22
 299 0004 9A42     		cmp	r2, r3
 300 0006 00D0     		beq	.L21
 301 0008 7047     		bx	lr
 302              	.L21:
 113:Core/Src/usart.c **** 
 303              		.loc 1 113 1 view .LVU90
 304 000a 10B5     		push	{r4, lr}
 305              	.LCFI5:
 306              		.cfi_def_cfa_offset 8
 307              		.cfi_offset 4, -8
 308              		.cfi_offset 14, -4
 309 000c 0446     		mov	r4, r0
 116:Core/Src/usart.c ****   {
 117:Core/Src/usart.c ****   /* USER CODE BEGIN USART2_MspDeInit 0 */
 118:Core/Src/usart.c **** 
 119:Core/Src/usart.c ****   /* USER CODE END USART2_MspDeInit 0 */
 120:Core/Src/usart.c ****     /* Peripheral clock disable */
 121:Core/Src/usart.c ****     __HAL_RCC_USART2_CLK_DISABLE();
 310              		.loc 1 121 5 is_stmt 1 view .LVU91
 311 000e 094A     		ldr	r2, .L22+4
 312 0010 136C     		ldr	r3, [r2, #64]
 313 0012 23F40033 		bic	r3, r3, #131072
 314 0016 1364     		str	r3, [r2, #64]
 122:Core/Src/usart.c **** 
 123:Core/Src/usart.c ****     /**USART2 GPIO Configuration
 124:Core/Src/usart.c ****     PA2     ------> USART2_TX
 125:Core/Src/usart.c ****     PA3     ------> USART2_RX
 126:Core/Src/usart.c ****     */
 127:Core/Src/usart.c ****     HAL_GPIO_DeInit(GPIOA, GPIO_PIN_2|GPIO_PIN_3);
 315              		.loc 1 127 5 view .LVU92
 316 0018 0C21     		movs	r1, #12
 317 001a 0748     		ldr	r0, .L22+8
 318              	.LVL12:
 319              		.loc 1 127 5 is_stmt 0 view .LVU93
 320 001c FFF7FEFF 		bl	HAL_GPIO_DeInit
 321              	.LVL13:
 128:Core/Src/usart.c **** 
 129:Core/Src/usart.c ****     /* USART2 DMA DeInit */
 130:Core/Src/usart.c ****     HAL_DMA_DeInit(uartHandle->hdmarx);
 322              		.loc 1 130 5 is_stmt 1 view .LVU94
 323 0020 A06B     		ldr	r0, [r4, #56]
 324 0022 FFF7FEFF 		bl	HAL_DMA_DeInit
 325              	.LVL14:
 131:Core/Src/usart.c **** 
 132:Core/Src/usart.c ****     /* USART2 interrupt Deinit */
 133:Core/Src/usart.c ****     HAL_NVIC_DisableIRQ(USART2_IRQn);
 326              		.loc 1 133 5 view .LVU95
 327 0026 2620     		movs	r0, #38
 328 0028 FFF7FEFF 		bl	HAL_NVIC_DisableIRQ
 329              	.LVL15:
 134:Core/Src/usart.c ****   /* USER CODE BEGIN USART2_MspDeInit 1 */
ARM GAS  /tmp/ccagzKyl.s 			page 10


 135:Core/Src/usart.c **** 
 136:Core/Src/usart.c ****   /* USER CODE END USART2_MspDeInit 1 */
 137:Core/Src/usart.c ****   }
 138:Core/Src/usart.c **** }
 330              		.loc 1 138 1 is_stmt 0 view .LVU96
 331 002c 10BD     		pop	{r4, pc}
 332              	.LVL16:
 333              	.L23:
 334              		.loc 1 138 1 view .LVU97
 335 002e 00BF     		.align	2
 336              	.L22:
 337 0030 00440040 		.word	1073759232
 338 0034 00380240 		.word	1073887232
 339 0038 00000240 		.word	1073872896
 340              		.cfi_endproc
 341              	.LFE132:
 343              		.global	hdma_usart2_rx
 344              		.global	huart2
 345              		.section	.bss.hdma_usart2_rx,"aw",%nobits
 346              		.align	2
 347              		.set	.LANCHOR1,. + 0
 350              	hdma_usart2_rx:
 351 0000 00000000 		.space	96
 351      00000000 
 351      00000000 
 351      00000000 
 351      00000000 
 352              		.section	.bss.huart2,"aw",%nobits
 353              		.align	2
 354              		.set	.LANCHOR0,. + 0
 357              	huart2:
 358 0000 00000000 		.space	68
 358      00000000 
 358      00000000 
 358      00000000 
 358      00000000 
 359              		.text
 360              	.Letext0:
 361              		.file 2 "/usr/lib/gcc/arm-none-eabi/10.3.1/include/stdint.h"
 362              		.file 3 "Drivers/CMSIS/Device/ST/STM32F4xx/Include/stm32f407xx.h"
 363              		.file 4 "Drivers/STM32F4xx_HAL_Driver/Inc/stm32f4xx_hal_def.h"
 364              		.file 5 "Drivers/STM32F4xx_HAL_Driver/Inc/stm32f4xx_hal_gpio.h"
 365              		.file 6 "Drivers/STM32F4xx_HAL_Driver/Inc/stm32f4xx_hal_dma.h"
 366              		.file 7 "Drivers/STM32F4xx_HAL_Driver/Inc/stm32f4xx_hal_uart.h"
 367              		.file 8 "Core/Inc/usart.h"
 368              		.file 9 "Drivers/STM32F4xx_HAL_Driver/Inc/stm32f4xx_hal_cortex.h"
 369              		.file 10 "Core/Inc/main.h"
ARM GAS  /tmp/ccagzKyl.s 			page 11


DEFINED SYMBOLS
                            *ABS*:0000000000000000 usart.c
     /tmp/ccagzKyl.s:18     .text.MX_USART2_UART_Init:0000000000000000 $t
     /tmp/ccagzKyl.s:26     .text.MX_USART2_UART_Init:0000000000000000 MX_USART2_UART_Init
     /tmp/ccagzKyl.s:85     .text.MX_USART2_UART_Init:000000000000002c $d
     /tmp/ccagzKyl.s:91     .text.HAL_UART_MspInit:0000000000000000 $t
     /tmp/ccagzKyl.s:98     .text.HAL_UART_MspInit:0000000000000000 HAL_UART_MspInit
     /tmp/ccagzKyl.s:272    .text.HAL_UART_MspInit:00000000000000ac $d
     /tmp/ccagzKyl.s:280    .text.HAL_UART_MspDeInit:0000000000000000 $t
     /tmp/ccagzKyl.s:287    .text.HAL_UART_MspDeInit:0000000000000000 HAL_UART_MspDeInit
     /tmp/ccagzKyl.s:337    .text.HAL_UART_MspDeInit:0000000000000030 $d
     /tmp/ccagzKyl.s:350    .bss.hdma_usart2_rx:0000000000000000 hdma_usart2_rx
     /tmp/ccagzKyl.s:357    .bss.huart2:0000000000000000 huart2
     /tmp/ccagzKyl.s:346    .bss.hdma_usart2_rx:0000000000000000 $d
     /tmp/ccagzKyl.s:353    .bss.huart2:0000000000000000 $d

UNDEFINED SYMBOLS
HAL_UART_Init
Error_Handler
HAL_GPIO_Init
HAL_DMA_Init
HAL_NVIC_SetPriority
HAL_NVIC_EnableIRQ
HAL_GPIO_DeInit
HAL_DMA_DeInit
HAL_NVIC_DisableIRQ
